2026-06-13 13:15:17,584 | INFO | Training log: /Volumes/Data/Research/LISTEN/9001-GitHub/Logs/BC-ResNet-3_train_downstream_20260613_131517.log
2026-06-13 13:15:17,585 | INFO | Training backbone: BC-ResNet-3
2026-06-13 13:15:17,585 | INFO | Training CSV: /Volumes/Data/Research/LISTEN/9001-GitHub/Datasets/Onsite_Train/train_list.csv
2026-06-13 13:15:17,715 | INFO | Backbone: BC-ResNet-3
2026-06-13 13:15:17,715 | INFO | Config: {'sr': 48000, 'sample_len': 48000, 'n_fft': 2048, 'win_length': 2048, 'hop_length': 376, 'n_mels': 128, 'top_db': 80, 'patch_size': (16, 16), 'nhead': 4, 'distill_dim': 64, 'depth': 2, 'multiplier': 1, 'clips_per_folder': None, 'lr': 0.0005, 'wd': 0.001, 'batch_size': 16, 'num_workers': 0, 'epochs': 200, 'seed': 42, 'device': 'mps'}
2026-06-13 13:15:17,715 | INFO | Seed: 42
2026-06-13 13:15:17,715 | INFO | Training CSV: /Volumes/Data/Research/LISTEN/9001-GitHub/Datasets/Onsite_Train/train_list.csv
2026-06-13 13:15:17,715 | INFO | Encoder checkpoint: /Volumes/Data/Research/LISTEN/9001-GitHub/Models/BC-ResNet-3.pth
2026-06-13 13:15:17,715 | INFO | Classifier checkpoint: /Volumes/Data/Research/LISTEN/9001-GitHub/Models/BC-ResNet-3-classifier.pth
2026-06-13 13:15:17,719 | INFO | Number of classes: 10
2026-06-13 13:15:17,719 | INFO | Dataset size: 200
2026-06-13 13:15:17,719 | INFO | Number of batches per epoch: 13
2026-06-13 13:15:17,719 | INFO | Class mapping: {'Mode1': 0, 'Mode2': 1, 'Mode3': 2, 'Mode4': 3, 'Mode5': 4, 'Mode6': 5, 'Mode7': 6, 'Mode8': 7, 'Off': 8, 'On': 9}
2026-06-13 13:15:19,255 | INFO | [Epoch 1/200] Loss: 1.99198385, LR: 0.00050000
2026-06-13 13:15:19,609 | INFO | [Epoch 2/200] Loss: 1.07431604, LR: 0.00050000
2026-06-13 13:15:20,279 | INFO | [Epoch 3/200] Loss: 0.39152133, LR: 0.00050000
2026-06-13 13:15:20,815 | INFO | [Epoch 4/200] Loss: 0.11562170, LR: 0.00050000
2026-06-13 13:15:21,431 | INFO | [Epoch 5/200] Loss: 0.04131499, LR: 0.00050000
2026-06-13 13:15:22,048 | INFO | [Epoch 6/200] Loss: 0.02061083, LR: 0.00050000
2026-06-13 13:15:22,676 | INFO | [Epoch 7/200] Loss: 0.01283723, LR: 0.00050000
2026-06-13 13:15:23,024 | INFO | [Epoch 8/200] Loss: 0.00907120, LR: 0.00050000
2026-06-13 13:15:23,376 | INFO | [Epoch 9/200] Loss: 0.00702602, LR: 0.00050000
2026-06-13 13:15:23,724 | INFO | [Epoch 10/200] Loss: 0.00569423, LR: 0.00050000
2026-06-13 13:15:24,076 | INFO | [Epoch 11/200] Loss: 0.00459019, LR: 0.00050000
2026-06-13 13:15:24,423 | INFO | [Epoch 12/200] Loss: 0.00395987, LR: 0.00050000
2026-06-13 13:15:24,771 | INFO | [Epoch 13/200] Loss: 0.00320829, LR: 0.00050000
2026-06-13 13:15:25,124 | INFO | [Epoch 14/200] Loss: 0.00266816, LR: 0.00050000
2026-06-13 13:15:25,472 | INFO | [Epoch 15/200] Loss: 0.00227460, LR: 0.00050000
2026-06-13 13:15:25,823 | INFO | [Epoch 16/200] Loss: 0.00200129, LR: 0.00050000
2026-06-13 13:15:26,177 | INFO | [Epoch 17/200] Loss: 0.00169052, LR: 0.00050000
2026-06-13 13:15:26,531 | INFO | [Epoch 18/200] Loss: 0.00148566, LR: 0.00050000
2026-06-13 13:15:26,882 | INFO | [Epoch 19/200] Loss: 0.00130698, LR: 0.00050000
2026-06-13 13:15:27,237 | INFO | [Epoch 20/200] Loss: 0.00116020, LR: 0.00050000
2026-06-13 13:15:27,589 | INFO | [Epoch 21/200] Loss: 0.00103539, LR: 0.00050000
2026-06-13 13:15:27,939 | INFO | [Epoch 22/200] Loss: 0.00092388, LR: 0.00050000
2026-06-13 13:15:28,291 | INFO | [Epoch 23/200] Loss: 0.00083321, LR: 0.00050000
2026-06-13 13:15:28,645 | INFO | [Epoch 24/200] Loss: 0.00075070, LR: 0.00050000
2026-06-13 13:15:28,997 | INFO | [Epoch 25/200] Loss: 0.00068041, LR: 0.00050000
2026-06-13 13:15:29,348 | INFO | [Epoch 26/200] Loss: 0.00061476, LR: 0.00050000
2026-06-13 13:15:29,708 | INFO | [Epoch 27/200] Loss: 0.00056715, LR: 0.00050000
2026-06-13 13:15:30,038 | INFO | [Epoch 28/200] Loss: 0.00052288, LR: 0.00050000
2026-06-13 13:15:30,397 | INFO | [Epoch 29/200] Loss: 0.00047513, LR: 0.00050000
2026-06-13 13:15:30,784 | INFO | [Epoch 30/200] Loss: 0.00045448, LR: 0.00050000
2026-06-13 13:15:31,135 | INFO | [Epoch 31/200] Loss: 0.00041249, LR: 0.00050000
2026-06-13 13:15:31,484 | INFO | [Epoch 32/200] Loss: 0.00038502, LR: 0.00050000
2026-06-13 13:15:31,846 | INFO | [Epoch 33/200] Loss: 0.00035453, LR: 0.00050000
2026-06-13 13:15:32,196 | INFO | [Epoch 34/200] Loss: 0.00035275, LR: 0.00050000
2026-06-13 13:15:32,542 | INFO | [Epoch 35/200] Loss: 0.00031292, LR: 0.00050000
2026-06-13 13:15:32,902 | INFO | [Epoch 36/200] Loss: 0.00028471, LR: 0.00050000
2026-06-13 13:15:33,250 | INFO | [Epoch 37/200] Loss: 0.00027073, LR: 0.00050000
2026-06-13 13:15:33,594 | INFO | [Epoch 38/200] Loss: 0.00025859, LR: 0.00050000
2026-06-13 13:15:33,949 | INFO | [Epoch 39/200] Loss: 0.00023860, LR: 0.00050000
2026-06-13 13:15:34,310 | INFO | [Epoch 40/200] Loss: 0.00022182, LR: 0.00050000
2026-06-13 13:15:34,657 | INFO | [Epoch 41/200] Loss: 0.00021284, LR: 0.00050000
2026-06-13 13:15:35,008 | INFO | [Epoch 42/200] Loss: 0.00020223, LR: 0.00050000
2026-06-13 13:15:35,373 | INFO | [Epoch 43/200] Loss: 0.00019201, LR: 0.00050000
2026-06-13 13:15:35,720 | INFO | [Epoch 44/200] Loss: 0.00018033, LR: 0.00050000
2026-06-13 13:15:36,067 | INFO | [Epoch 45/200] Loss: 0.00016949, LR: 0.00050000
2026-06-13 13:15:36,434 | INFO | [Epoch 46/200] Loss: 0.00016288, LR: 0.00050000
2026-06-13 13:15:36,798 | INFO | [Epoch 47/200] Loss: 0.00015281, LR: 0.00050000
2026-06-13 13:15:37,142 | INFO | [Epoch 48/200] Loss: 0.00015363, LR: 0.00050000
2026-06-13 13:15:37,509 | INFO | [Epoch 49/200] Loss: 0.00014250, LR: 0.00050000
2026-06-13 13:15:37,857 | INFO | [Epoch 50/200] Loss: 0.00013358, LR: 0.00050000
2026-06-13 13:15:38,204 | INFO | [Epoch 51/200] Loss: 0.00012826, LR: 0.00050000
2026-06-13 13:15:38,570 | INFO | [Epoch 52/200] Loss: 0.00012238, LR: 0.00050000
2026-06-13 13:15:38,921 | INFO | [Epoch 53/200] Loss: 0.00011706, LR: 0.00050000
2026-06-13 13:15:39,264 | INFO | [Epoch 54/200] Loss: 0.00011419, LR: 0.00050000
2026-06-13 13:15:39,628 | INFO | [Epoch 55/200] Loss: 0.00011290, LR: 0.00050000
2026-06-13 13:15:39,999 | INFO | [Epoch 56/200] Loss: 0.00010575, LR: 0.00050000
2026-06-13 13:15:40,367 | INFO | [Epoch 57/200] Loss: 0.00010026, LR: 0.00050000
2026-06-13 13:15:40,728 | INFO | [Epoch 58/200] Loss: 0.00010055, LR: 0.00050000
2026-06-13 13:15:41,080 | INFO | [Epoch 59/200] Loss: 0.00009316, LR: 0.00050000
2026-06-13 13:15:41,424 | INFO | [Epoch 60/200] Loss: 0.00008869, LR: 0.00050000
2026-06-13 13:15:41,774 | INFO | [Epoch 61/200] Loss: 0.00008543, LR: 0.00050000
2026-06-13 13:15:42,133 | INFO | [Epoch 62/200] Loss: 0.00008333, LR: 0.00050000
2026-06-13 13:15:42,479 | INFO | [Epoch 63/200] Loss: 0.00008324, LR: 0.00050000
2026-06-13 13:15:43,096 | INFO | [Epoch 64/200] Loss: 0.00007998, LR: 0.00050000
2026-06-13 13:15:43,769 | INFO | [Epoch 65/200] Loss: 0.00007406, LR: 0.00050000
2026-06-13 13:15:44,428 | INFO | [Epoch 66/200] Loss: 0.00007117, LR: 0.00050000
2026-06-13 13:15:44,779 | INFO | [Epoch 67/200] Loss: 0.00007027, LR: 0.00050000
2026-06-13 13:15:45,387 | INFO | [Epoch 68/200] Loss: 0.00006732, LR: 0.00050000
2026-06-13 13:15:45,989 | INFO | [Epoch 69/200] Loss: 0.00006601, LR: 0.00050000
2026-06-13 13:15:46,592 | INFO | [Epoch 70/200] Loss: 0.00006343, LR: 0.00050000
2026-06-13 13:15:47,189 | INFO | [Epoch 71/200] Loss: 0.00006217, LR: 0.00050000
2026-06-13 13:15:47,827 | INFO | [Epoch 72/200] Loss: 0.00005927, LR: 0.00050000
2026-06-13 13:15:48,170 | INFO | [Epoch 73/200] Loss: 0.00005678, LR: 0.00050000
2026-06-13 13:15:48,514 | INFO | [Epoch 74/200] Loss: 0.00005609, LR: 0.00050000
2026-06-13 13:15:48,878 | INFO | [Epoch 75/200] Loss: 0.00005357, LR: 0.00050000
2026-06-13 13:15:49,223 | INFO | [Epoch 76/200] Loss: 0.00005445, LR: 0.00050000
2026-06-13 13:15:49,568 | INFO | [Epoch 77/200] Loss: 0.00005485, LR: 0.00050000
2026-06-13 13:15:49,933 | INFO | [Epoch 78/200] Loss: 0.00004968, LR: 0.00050000
2026-06-13 13:15:50,278 | INFO | [Epoch 79/200] Loss: 0.00004882, LR: 0.00050000
2026-06-13 13:15:50,620 | INFO | [Epoch 80/200] Loss: 0.00004670, LR: 0.00050000
2026-06-13 13:15:50,978 | INFO | [Epoch 81/200] Loss: 0.00004578, LR: 0.00050000
2026-06-13 13:15:51,326 | INFO | [Epoch 82/200] Loss: 0.00004548, LR: 0.00050000
2026-06-13 13:15:51,672 | INFO | [Epoch 83/200] Loss: 0.00004310, LR: 0.00050000
2026-06-13 13:15:52,024 | INFO | [Epoch 84/200] Loss: 0.00004404, LR: 0.00050000
2026-06-13 13:15:52,368 | INFO | [Epoch 85/200] Loss: 0.00004082, LR: 0.00050000
2026-06-13 13:15:52,721 | INFO | [Epoch 86/200] Loss: 0.00003952, LR: 0.00050000
2026-06-13 13:15:53,074 | INFO | [Epoch 87/200] Loss: 0.00003854, LR: 0.00050000
2026-06-13 13:15:53,423 | INFO | [Epoch 88/200] Loss: 0.00003772, LR: 0.00050000
2026-06-13 13:15:53,786 | INFO | [Epoch 89/200] Loss: 0.00003634, LR: 0.00050000
2026-06-13 13:15:54,134 | INFO | [Epoch 90/200] Loss: 0.00003580, LR: 0.00050000
2026-06-13 13:15:54,479 | INFO | [Epoch 91/200] Loss: 0.00003523, LR: 0.00050000
2026-06-13 13:15:54,828 | INFO | [Epoch 92/200] Loss: 0.00003385, LR: 0.00050000
2026-06-13 13:15:55,178 | INFO | [Epoch 93/200] Loss: 0.00003353, LR: 0.00050000
2026-06-13 13:15:55,527 | INFO | [Epoch 94/200] Loss: 0.00003271, LR: 0.00050000
2026-06-13 13:15:55,876 | INFO | [Epoch 95/200] Loss: 0.00003147, LR: 0.00050000
2026-06-13 13:15:56,227 | INFO | [Epoch 96/200] Loss: 0.00003228, LR: 0.00050000
2026-06-13 13:15:56,575 | INFO | [Epoch 97/200] Loss: 0.00003012, LR: 0.00050000
2026-06-13 13:15:56,927 | INFO | [Epoch 98/200] Loss: 0.00003010, LR: 0.00050000
2026-06-13 13:15:57,278 | INFO | [Epoch 99/200] Loss: 0.00002879, LR: 0.00050000
2026-06-13 13:15:57,627 | INFO | [Epoch 100/200] Loss: 0.00002851, LR: 0.00050000
2026-06-13 13:15:57,978 | INFO | [Epoch 101/200] Loss: 0.00002959, LR: 0.00050000
2026-06-13 13:15:58,326 | INFO | [Epoch 102/200] Loss: 0.00002695, LR: 0.00050000
2026-06-13 13:15:58,674 | INFO | [Epoch 103/200] Loss: 0.00002655, LR: 0.00050000
2026-06-13 13:15:59,021 | INFO | [Epoch 104/200] Loss: 0.00002574, LR: 0.00050000
2026-06-13 13:15:59,369 | INFO | [Epoch 105/200] Loss: 0.00002636, LR: 0.00050000
2026-06-13 13:15:59,722 | INFO | [Epoch 106/200] Loss: 0.00002530, LR: 0.00050000
2026-06-13 13:16:00,072 | INFO | [Epoch 107/200] Loss: 0.00002414, LR: 0.00050000
2026-06-13 13:16:00,420 | INFO | [Epoch 108/200] Loss: 0.00002362, LR: 0.00050000
2026-06-13 13:16:00,772 | INFO | [Epoch 109/200] Loss: 0.00002314, LR: 0.00050000
2026-06-13 13:16:01,123 | INFO | [Epoch 110/200] Loss: 0.00002260, LR: 0.00050000
2026-06-13 13:16:01,474 | INFO | [Epoch 111/200] Loss: 0.00002221, LR: 0.00050000
2026-06-13 13:16:01,823 | INFO | [Epoch 112/200] Loss: 0.00002189, LR: 0.00050000
2026-06-13 13:16:02,173 | INFO | [Epoch 113/200] Loss: 0.00002144, LR: 0.00050000
2026-06-13 13:16:02,521 | INFO | [Epoch 114/200] Loss: 0.00002184, LR: 0.00050000
2026-06-13 13:16:02,871 | INFO | [Epoch 115/200] Loss: 0.00002047, LR: 0.00050000
2026-06-13 13:16:03,223 | INFO | [Epoch 116/200] Loss: 0.00002047, LR: 0.00050000
2026-06-13 13:16:03,572 | INFO | [Epoch 117/200] Loss: 0.00001958, LR: 0.00050000
2026-06-13 13:16:03,921 | INFO | [Epoch 118/200] Loss: 0.00001929, LR: 0.00050000
2026-06-13 13:16:04,272 | INFO | [Epoch 119/200] Loss: 0.00001884, LR: 0.00050000
2026-06-13 13:16:04,619 | INFO | [Epoch 120/200] Loss: 0.00001884, LR: 0.00050000
2026-06-13 13:16:04,970 | INFO | [Epoch 121/200] Loss: 0.00001804, LR: 0.00050000
2026-06-13 13:16:05,322 | INFO | [Epoch 122/200] Loss: 0.00001777, LR: 0.00050000
2026-06-13 13:16:05,674 | INFO | [Epoch 123/200] Loss: 0.00001789, LR: 0.00050000
2026-06-13 13:16:06,037 | INFO | [Epoch 124/200] Loss: 0.00001717, LR: 0.00050000
2026-06-13 13:16:06,382 | INFO | [Epoch 125/200] Loss: 0.00001673, LR: 0.00050000
2026-06-13 13:16:06,728 | INFO | [Epoch 126/200] Loss: 0.00001706, LR: 0.00050000
2026-06-13 13:16:07,083 | INFO | [Epoch 127/200] Loss: 0.00001645, LR: 0.00050000
2026-06-13 13:16:07,436 | INFO | [Epoch 128/200] Loss: 0.00001596, LR: 0.00050000
2026-06-13 13:16:07,786 | INFO | [Epoch 129/200] Loss: 0.00001659, LR: 0.00050000
2026-06-13 13:16:08,138 | INFO | [Epoch 130/200] Loss: 0.00001563, LR: 0.00050000
2026-06-13 13:16:08,492 | INFO | [Epoch 131/200] Loss: 0.00001539, LR: 0.00050000
2026-06-13 13:16:08,858 | INFO | [Epoch 132/200] Loss: 0.00001484, LR: 0.00050000
2026-06-13 13:16:09,208 | INFO | [Epoch 133/200] Loss: 0.00001459, LR: 0.00050000
2026-06-13 13:16:09,562 | INFO | [Epoch 134/200] Loss: 0.00001441, LR: 0.00050000
2026-06-13 13:16:09,910 | INFO | [Epoch 135/200] Loss: 0.00001410, LR: 0.00050000
2026-06-13 13:16:10,255 | INFO | [Epoch 136/200] Loss: 0.00001378, LR: 0.00050000
2026-06-13 13:16:10,601 | INFO | [Epoch 137/200] Loss: 0.00001355, LR: 0.00050000
2026-06-13 13:16:10,951 | INFO | [Epoch 138/200] Loss: 0.00001356, LR: 0.00050000
2026-06-13 13:16:11,298 | INFO | [Epoch 139/200] Loss: 0.00001316, LR: 0.00050000
2026-06-13 13:16:11,642 | INFO | [Epoch 140/200] Loss: 0.00001313, LR: 0.00050000
2026-06-13 13:16:12,001 | INFO | [Epoch 141/200] Loss: 0.00001277, LR: 0.00050000
2026-06-13 13:16:12,347 | INFO | [Epoch 142/200] Loss: 0.00001271, LR: 0.00050000
2026-06-13 13:16:12,686 | INFO | [Epoch 143/200] Loss: 0.00001232, LR: 0.00050000
2026-06-13 13:16:13,061 | INFO | [Epoch 144/200] Loss: 0.00001277, LR: 0.00050000
2026-06-13 13:16:13,427 | INFO | [Epoch 145/200] Loss: 0.00001190, LR: 0.00050000
2026-06-13 13:16:14,018 | INFO | [Epoch 146/200] Loss: 0.00001169, LR: 0.00050000
2026-06-13 13:16:14,594 | INFO | [Epoch 147/200] Loss: 0.00001151, LR: 0.00050000
2026-06-13 13:16:15,188 | INFO | [Epoch 148/200] Loss: 0.00001142, LR: 0.00050000
2026-06-13 13:16:15,738 | INFO | [Epoch 149/200] Loss: 0.00001188, LR: 0.00050000
2026-06-13 13:16:16,347 | INFO | [Epoch 150/200] Loss: 0.00001100, LR: 0.00050000
2026-06-13 13:16:16,682 | INFO | [Epoch 151/200] Loss: 0.00001091, LR: 0.00050000
2026-06-13 13:16:17,014 | INFO | [Epoch 152/200] Loss: 0.00001099, LR: 0.00050000
2026-06-13 13:16:17,346 | INFO | [Epoch 153/200] Loss: 0.00001045, LR: 0.00050000
2026-06-13 13:16:17,680 | INFO | [Epoch 154/200] Loss: 0.00001028, LR: 0.00050000
2026-06-13 13:16:18,017 | INFO | [Epoch 155/200] Loss: 0.00001035, LR: 0.00050000
2026-06-13 13:16:18,349 | INFO | [Epoch 156/200] Loss: 0.00001017, LR: 0.00050000
2026-06-13 13:16:18,683 | INFO | [Epoch 157/200] Loss: 0.00001005, LR: 0.00050000
2026-06-13 13:16:19,015 | INFO | [Epoch 158/200] Loss: 0.00000979, LR: 0.00050000
2026-06-13 13:16:19,348 | INFO | [Epoch 159/200] Loss: 0.00000981, LR: 0.00050000
2026-06-13 13:16:19,679 | INFO | [Epoch 160/200] Loss: 0.00000954, LR: 0.00050000
2026-06-13 13:16:20,012 | INFO | [Epoch 161/200] Loss: 0.00000961, LR: 0.00050000
2026-06-13 13:16:20,345 | INFO | [Epoch 162/200] Loss: 0.00000919, LR: 0.00050000
2026-06-13 13:16:20,678 | INFO | [Epoch 163/200] Loss: 0.00000905, LR: 0.00050000
2026-06-13 13:16:21,010 | INFO | [Epoch 164/200] Loss: 0.00000897, LR: 0.00050000
2026-06-13 13:16:21,372 | INFO | [Epoch 165/200] Loss: 0.00000891, LR: 0.00050000
2026-06-13 13:16:21,703 | INFO | [Epoch 166/200] Loss: 0.00000894, LR: 0.00050000
2026-06-13 13:16:22,043 | INFO | [Epoch 167/200] Loss: 0.00000860, LR: 0.00050000
2026-06-13 13:16:22,376 | INFO | [Epoch 168/200] Loss: 0.00000846, LR: 0.00050000
2026-06-13 13:16:22,709 | INFO | [Epoch 169/200] Loss: 0.00000828, LR: 0.00050000
2026-06-13 13:16:23,041 | INFO | [Epoch 170/200] Loss: 0.00000831, LR: 0.00050000
2026-06-13 13:16:23,376 | INFO | [Epoch 171/200] Loss: 0.00000807, LR: 0.00050000
2026-06-13 13:16:23,709 | INFO | [Epoch 172/200] Loss: 0.00000786, LR: 0.00050000
2026-06-13 13:16:24,040 | INFO | [Epoch 173/200] Loss: 0.00000785, LR: 0.00050000
2026-06-13 13:16:24,372 | INFO | [Epoch 174/200] Loss: 0.00000776, LR: 0.00050000
2026-06-13 13:16:24,703 | INFO | [Epoch 175/200] Loss: 0.00000764, LR: 0.00050000
2026-06-13 13:16:25,048 | INFO | [Epoch 176/200] Loss: 0.00000753, LR: 0.00050000
2026-06-13 13:16:25,392 | INFO | [Epoch 177/200] Loss: 0.00000763, LR: 0.00050000
2026-06-13 13:16:25,737 | INFO | [Epoch 178/200] Loss: 0.00000726, LR: 0.00050000
2026-06-13 13:16:26,082 | INFO | [Epoch 179/200] Loss: 0.00000725, LR: 0.00050000
2026-06-13 13:16:26,429 | INFO | [Epoch 180/200] Loss: 0.00000726, LR: 0.00050000
2026-06-13 13:16:26,773 | INFO | [Epoch 181/200] Loss: 0.00000703, LR: 0.00050000
2026-06-13 13:16:27,118 | INFO | [Epoch 182/200] Loss: 0.00000719, LR: 0.00050000
2026-06-13 13:16:27,464 | INFO | [Epoch 183/200] Loss: 0.00000691, LR: 0.00050000
2026-06-13 13:16:27,810 | INFO | [Epoch 184/200] Loss: 0.00000681, LR: 0.00050000
2026-06-13 13:16:28,160 | INFO | [Epoch 185/200] Loss: 0.00000659, LR: 0.00050000
2026-06-13 13:16:28,507 | INFO | [Epoch 186/200] Loss: 0.00000650, LR: 0.00050000
2026-06-13 13:16:28,854 | INFO | [Epoch 187/200] Loss: 0.00000650, LR: 0.00050000
2026-06-13 13:16:29,202 | INFO | [Epoch 188/200] Loss: 0.00000649, LR: 0.00050000
2026-06-13 13:16:29,550 | INFO | [Epoch 189/200] Loss: 0.00000622, LR: 0.00050000
2026-06-13 13:16:29,898 | INFO | [Epoch 190/200] Loss: 0.00000628, LR: 0.00050000
2026-06-13 13:16:30,235 | INFO | [Epoch 191/200] Loss: 0.00000620, LR: 0.00050000
2026-06-13 13:16:30,571 | INFO | [Epoch 192/200] Loss: 0.00000602, LR: 0.00050000
2026-06-13 13:16:30,909 | INFO | [Epoch 193/200] Loss: 0.00000606, LR: 0.00050000
2026-06-13 13:16:31,254 | INFO | [Epoch 194/200] Loss: 0.00000586, LR: 0.00050000
2026-06-13 13:16:31,592 | INFO | [Epoch 195/200] Loss: 0.00000581, LR: 0.00050000
2026-06-13 13:16:31,933 | INFO | [Epoch 196/200] Loss: 0.00000573, LR: 0.00050000
2026-06-13 13:16:32,271 | INFO | [Epoch 197/200] Loss: 0.00000578, LR: 0.00050000
2026-06-13 13:16:32,603 | INFO | [Epoch 198/200] Loss: 0.00000561, LR: 0.00050000
2026-06-13 13:16:32,935 | INFO | [Epoch 199/200] Loss: 0.00000565, LR: 0.00050000
2026-06-13 13:16:33,266 | INFO | [Epoch 200/200] Loss: 0.00000552, LR: 0.00050000
2026-06-13 13:16:33,268 | INFO | Completed training and saved classifier checkpoint: /Volumes/Data/Research/LISTEN/9001-GitHub/Models/BC-ResNet-3-classifier.pth
2026-06-13 13:16:33,268 | INFO | Finished training for BC-ResNet-3
2026-06-13 13:16:33,268 | INFO | =====================================
