2026-06-13 13:10:34,928 | INFO | Training log: /Volumes/Data/Research/LISTEN/9001-GitHub/Logs/LISTEN_train_downstream_20260613_131034.log
2026-06-13 13:10:34,928 | INFO | Training backbone: LISTEN
2026-06-13 13:10:34,928 | INFO | Training CSV: /Volumes/Data/Research/LISTEN/9001-GitHub/Datasets/Onsite_Train/train_list.csv
2026-06-13 13:10:35,065 | INFO | Backbone: LISTEN
2026-06-13 13:10:35,065 | INFO | Config: {'sr': 48000, 'sample_len': 48000, 'n_fft': 2048, 'win_length': 2048, 'hop_length': 376, 'n_mels': 128, 'top_db': 80, 'patch_size': (16, 16), 'nhead': 4, 'distill_dim': 64, 'depth': 2, 'multiplier': 1, 'clips_per_folder': None, 'lr': 0.0005, 'wd': 0.001, 'batch_size': 16, 'num_workers': 0, 'epochs': 200, 'seed': 42, 'device': 'mps'}
2026-06-13 13:10:35,065 | INFO | Seed: 42
2026-06-13 13:10:35,065 | INFO | Training CSV: /Volumes/Data/Research/LISTEN/9001-GitHub/Datasets/Onsite_Train/train_list.csv
2026-06-13 13:10:35,065 | INFO | Encoder checkpoint: /Volumes/Data/Research/LISTEN/9001-GitHub/Models/LISTEN.pth
2026-06-13 13:10:35,065 | INFO | Classifier checkpoint: /Volumes/Data/Research/LISTEN/9001-GitHub/Models/LISTEN-classifier.pth
2026-06-13 13:10:35,069 | INFO | Number of classes: 10
2026-06-13 13:10:35,069 | INFO | Dataset size: 200
2026-06-13 13:10:35,069 | INFO | Number of batches per epoch: 13
2026-06-13 13:10:35,069 | INFO | Class mapping: {'Mode1': 0, 'Mode2': 1, 'Mode3': 2, 'Mode4': 3, 'Mode5': 4, 'Mode6': 5, 'Mode7': 6, 'Mode8': 7, 'Off': 8, 'On': 9}
2026-06-13 13:10:36,263 | INFO | [Epoch 1/200] Loss: 2.25697868, LR: 0.00050000
2026-06-13 13:10:36,524 | INFO | [Epoch 2/200] Loss: 1.85845026, LR: 0.00050000
2026-06-13 13:10:36,913 | INFO | [Epoch 3/200] Loss: 1.40579510, LR: 0.00050000
2026-06-13 13:10:37,323 | INFO | [Epoch 4/200] Loss: 0.82971122, LR: 0.00050000
2026-06-13 13:10:37,736 | INFO | [Epoch 5/200] Loss: 0.38010165, LR: 0.00050000
2026-06-13 13:10:38,146 | INFO | [Epoch 6/200] Loss: 0.17766159, LR: 0.00050000
2026-06-13 13:10:38,564 | INFO | [Epoch 7/200] Loss: 0.09678324, LR: 0.00050000
2026-06-13 13:10:38,800 | INFO | [Epoch 8/200] Loss: 0.06455425, LR: 0.00050000
2026-06-13 13:10:39,042 | INFO | [Epoch 9/200] Loss: 0.04700086, LR: 0.00050000
2026-06-13 13:10:39,283 | INFO | [Epoch 10/200] Loss: 0.04992318, LR: 0.00050000
2026-06-13 13:10:39,523 | INFO | [Epoch 11/200] Loss: 0.02711737, LR: 0.00050000
2026-06-13 13:10:39,764 | INFO | [Epoch 12/200] Loss: 0.02714487, LR: 0.00050000
2026-06-13 13:10:40,003 | INFO | [Epoch 13/200] Loss: 0.02737720, LR: 0.00050000
2026-06-13 13:10:40,243 | INFO | [Epoch 14/200] Loss: 0.04437452, LR: 0.00050000
2026-06-13 13:10:40,486 | INFO | [Epoch 15/200] Loss: 0.04836563, LR: 0.00050000
2026-06-13 13:10:40,726 | INFO | [Epoch 16/200] Loss: 0.02863991, LR: 0.00050000
2026-06-13 13:10:40,965 | INFO | [Epoch 17/200] Loss: 0.01001572, LR: 0.00050000
2026-06-13 13:10:41,210 | INFO | [Epoch 18/200] Loss: 0.00599598, LR: 0.00050000
2026-06-13 13:10:41,451 | INFO | [Epoch 19/200] Loss: 0.00441864, LR: 0.00050000
2026-06-13 13:10:41,693 | INFO | [Epoch 20/200] Loss: 0.00335310, LR: 0.00050000
2026-06-13 13:10:41,932 | INFO | [Epoch 21/200] Loss: 0.00289919, LR: 0.00050000
2026-06-13 13:10:42,172 | INFO | [Epoch 22/200] Loss: 0.00260570, LR: 0.00050000
2026-06-13 13:10:42,412 | INFO | [Epoch 23/200] Loss: 0.00229449, LR: 0.00050000
2026-06-13 13:10:42,652 | INFO | [Epoch 24/200] Loss: 0.00204491, LR: 0.00050000
2026-06-13 13:10:42,943 | INFO | [Epoch 25/200] Loss: 0.00205197, LR: 0.00050000
2026-06-13 13:10:44,097 | INFO | [Epoch 26/200] Loss: 0.00171194, LR: 0.00050000
2026-06-13 13:10:45,804 | INFO | [Epoch 27/200] Loss: 0.00142459, LR: 0.00050000
2026-06-13 13:10:46,041 | INFO | [Epoch 28/200] Loss: 0.00124061, LR: 0.00050000
2026-06-13 13:10:46,283 | INFO | [Epoch 29/200] Loss: 0.00110257, LR: 0.00050000
2026-06-13 13:10:46,523 | INFO | [Epoch 30/200] Loss: 0.00102494, LR: 0.00050000
2026-06-13 13:10:46,763 | INFO | [Epoch 31/200] Loss: 0.00094113, LR: 0.00050000
2026-06-13 13:10:47,004 | INFO | [Epoch 32/200] Loss: 0.00087177, LR: 0.00050000
2026-06-13 13:10:47,242 | INFO | [Epoch 33/200] Loss: 0.00080248, LR: 0.00050000
2026-06-13 13:10:47,652 | INFO | [Epoch 34/200] Loss: 0.00073333, LR: 0.00050000
2026-06-13 13:10:48,040 | INFO | [Epoch 35/200] Loss: 0.00067984, LR: 0.00050000
2026-06-13 13:10:48,402 | INFO | [Epoch 36/200] Loss: 0.00063859, LR: 0.00050000
2026-06-13 13:10:48,787 | INFO | [Epoch 37/200] Loss: 0.00058730, LR: 0.00050000
2026-06-13 13:10:49,202 | INFO | [Epoch 38/200] Loss: 0.00054495, LR: 0.00050000
2026-06-13 13:10:49,438 | INFO | [Epoch 39/200] Loss: 0.00052127, LR: 0.00050000
2026-06-13 13:10:49,678 | INFO | [Epoch 40/200] Loss: 0.00047043, LR: 0.00050000
2026-06-13 13:10:49,920 | INFO | [Epoch 41/200] Loss: 0.00045505, LR: 0.00050000
2026-06-13 13:10:50,163 | INFO | [Epoch 42/200] Loss: 0.00042321, LR: 0.00050000
2026-06-13 13:10:50,403 | INFO | [Epoch 43/200] Loss: 0.00039290, LR: 0.00050000
2026-06-13 13:10:50,642 | INFO | [Epoch 44/200] Loss: 0.00036722, LR: 0.00050000
2026-06-13 13:10:50,901 | INFO | [Epoch 45/200] Loss: 0.00034322, LR: 0.00050000
2026-06-13 13:10:51,134 | INFO | [Epoch 46/200] Loss: 0.00034179, LR: 0.00050000
2026-06-13 13:10:51,371 | INFO | [Epoch 47/200] Loss: 0.00031080, LR: 0.00050000
2026-06-13 13:10:51,611 | INFO | [Epoch 48/200] Loss: 0.00028730, LR: 0.00050000
2026-06-13 13:10:51,852 | INFO | [Epoch 49/200] Loss: 0.00026999, LR: 0.00050000
2026-06-13 13:10:52,093 | INFO | [Epoch 50/200] Loss: 0.00025572, LR: 0.00050000
2026-06-13 13:10:52,332 | INFO | [Epoch 51/200] Loss: 0.00025125, LR: 0.00050000
2026-06-13 13:10:52,568 | INFO | [Epoch 52/200] Loss: 0.00023044, LR: 0.00050000
2026-06-13 13:10:52,808 | INFO | [Epoch 53/200] Loss: 0.00021730, LR: 0.00050000
2026-06-13 13:10:53,052 | INFO | [Epoch 54/200] Loss: 0.00020380, LR: 0.00050000
2026-06-13 13:10:53,291 | INFO | [Epoch 55/200] Loss: 0.00020468, LR: 0.00050000
2026-06-13 13:10:53,532 | INFO | [Epoch 56/200] Loss: 0.00018444, LR: 0.00050000
2026-06-13 13:10:53,773 | INFO | [Epoch 57/200] Loss: 0.00017446, LR: 0.00050000
2026-06-13 13:10:54,017 | INFO | [Epoch 58/200] Loss: 0.00016581, LR: 0.00050000
2026-06-13 13:10:54,263 | INFO | [Epoch 59/200] Loss: 0.00015536, LR: 0.00050000
2026-06-13 13:10:54,504 | INFO | [Epoch 60/200] Loss: 0.00014849, LR: 0.00050000
2026-06-13 13:10:54,743 | INFO | [Epoch 61/200] Loss: 0.00016370, LR: 0.00050000
2026-06-13 13:10:54,983 | INFO | [Epoch 62/200] Loss: 0.00013733, LR: 0.00050000
2026-06-13 13:10:55,235 | INFO | [Epoch 63/200] Loss: 0.00012845, LR: 0.00050000
2026-06-13 13:10:55,487 | INFO | [Epoch 64/200] Loss: 0.00011832, LR: 0.00050000
2026-06-13 13:10:55,740 | INFO | [Epoch 65/200] Loss: 0.00011326, LR: 0.00050000
2026-06-13 13:10:55,993 | INFO | [Epoch 66/200] Loss: 0.00010436, LR: 0.00050000
2026-06-13 13:10:56,244 | INFO | [Epoch 67/200] Loss: 0.00010163, LR: 0.00050000
2026-06-13 13:10:56,495 | INFO | [Epoch 68/200] Loss: 0.00009583, LR: 0.00050000
2026-06-13 13:10:56,754 | INFO | [Epoch 69/200] Loss: 0.00009081, LR: 0.00050000
2026-06-13 13:10:57,018 | INFO | [Epoch 70/200] Loss: 0.00008551, LR: 0.00050000
2026-06-13 13:10:57,311 | INFO | [Epoch 71/200] Loss: 0.00008377, LR: 0.00050000
2026-06-13 13:10:57,568 | INFO | [Epoch 72/200] Loss: 0.00007933, LR: 0.00050000
2026-06-13 13:10:57,823 | INFO | [Epoch 73/200] Loss: 0.00007913, LR: 0.00050000
2026-06-13 13:10:58,105 | INFO | [Epoch 74/200] Loss: 0.00007475, LR: 0.00050000
2026-06-13 13:10:58,365 | INFO | [Epoch 75/200] Loss: 0.00007001, LR: 0.00050000
2026-06-13 13:10:58,624 | INFO | [Epoch 76/200] Loss: 0.00006777, LR: 0.00050000
2026-06-13 13:10:58,889 | INFO | [Epoch 77/200] Loss: 0.00006607, LR: 0.00050000
2026-06-13 13:10:59,153 | INFO | [Epoch 78/200] Loss: 0.00006155, LR: 0.00050000
2026-06-13 13:10:59,416 | INFO | [Epoch 79/200] Loss: 0.00005959, LR: 0.00050000
2026-06-13 13:10:59,691 | INFO | [Epoch 80/200] Loss: 0.00005883, LR: 0.00050000
2026-06-13 13:10:59,956 | INFO | [Epoch 81/200] Loss: 0.00005439, LR: 0.00050000
2026-06-13 13:11:00,219 | INFO | [Epoch 82/200] Loss: 0.00005486, LR: 0.00050000
2026-06-13 13:11:00,479 | INFO | [Epoch 83/200] Loss: 0.00005103, LR: 0.00050000
2026-06-13 13:11:00,742 | INFO | [Epoch 84/200] Loss: 0.00004919, LR: 0.00050000
2026-06-13 13:11:01,016 | INFO | [Epoch 85/200] Loss: 0.00004938, LR: 0.00050000
2026-06-13 13:11:01,275 | INFO | [Epoch 86/200] Loss: 0.00004561, LR: 0.00050000
2026-06-13 13:11:01,534 | INFO | [Epoch 87/200] Loss: 0.00004581, LR: 0.00050000
2026-06-13 13:11:01,787 | INFO | [Epoch 88/200] Loss: 0.00005160, LR: 0.00050000
2026-06-13 13:11:02,049 | INFO | [Epoch 89/200] Loss: 0.00004181, LR: 0.00050000
2026-06-13 13:11:02,309 | INFO | [Epoch 90/200] Loss: 0.00003982, LR: 0.00050000
2026-06-13 13:11:02,570 | INFO | [Epoch 91/200] Loss: 0.00004014, LR: 0.00050000
2026-06-13 13:11:02,839 | INFO | [Epoch 92/200] Loss: 0.00003830, LR: 0.00050000
2026-06-13 13:11:03,099 | INFO | [Epoch 93/200] Loss: 0.00003683, LR: 0.00050000
2026-06-13 13:11:03,360 | INFO | [Epoch 94/200] Loss: 0.00003471, LR: 0.00050000
2026-06-13 13:11:03,625 | INFO | [Epoch 95/200] Loss: 0.00003368, LR: 0.00050000
2026-06-13 13:11:03,889 | INFO | [Epoch 96/200] Loss: 0.00003336, LR: 0.00050000
2026-06-13 13:11:04,156 | INFO | [Epoch 97/200] Loss: 0.00003152, LR: 0.00050000
2026-06-13 13:11:04,424 | INFO | [Epoch 98/200] Loss: 0.00003116, LR: 0.00050000
2026-06-13 13:11:04,693 | INFO | [Epoch 99/200] Loss: 0.00003084, LR: 0.00050000
2026-06-13 13:11:04,960 | INFO | [Epoch 100/200] Loss: 0.00002986, LR: 0.00050000
2026-06-13 13:11:05,214 | INFO | [Epoch 101/200] Loss: 0.00002815, LR: 0.00050000
2026-06-13 13:11:05,474 | INFO | [Epoch 102/200] Loss: 0.00002743, LR: 0.00050000
2026-06-13 13:11:05,740 | INFO | [Epoch 103/200] Loss: 0.00002720, LR: 0.00050000
2026-06-13 13:11:05,997 | INFO | [Epoch 104/200] Loss: 0.00002678, LR: 0.00050000
2026-06-13 13:11:06,265 | INFO | [Epoch 105/200] Loss: 0.00002505, LR: 0.00050000
2026-06-13 13:11:06,527 | INFO | [Epoch 106/200] Loss: 0.00002456, LR: 0.00050000
2026-06-13 13:11:06,792 | INFO | [Epoch 107/200] Loss: 0.00002453, LR: 0.00050000
2026-06-13 13:11:07,054 | INFO | [Epoch 108/200] Loss: 0.00002336, LR: 0.00050000
2026-06-13 13:11:07,316 | INFO | [Epoch 109/200] Loss: 0.00002283, LR: 0.00050000
2026-06-13 13:11:07,579 | INFO | [Epoch 110/200] Loss: 0.00002218, LR: 0.00050000
2026-06-13 13:11:07,843 | INFO | [Epoch 111/200] Loss: 0.00002145, LR: 0.00050000
2026-06-13 13:11:08,117 | INFO | [Epoch 112/200] Loss: 0.00002093, LR: 0.00050000
2026-06-13 13:11:08,379 | INFO | [Epoch 113/200] Loss: 0.00002075, LR: 0.00050000
2026-06-13 13:11:08,663 | INFO | [Epoch 114/200] Loss: 0.00002020, LR: 0.00050000
2026-06-13 13:11:08,917 | INFO | [Epoch 115/200] Loss: 0.00001932, LR: 0.00050000
2026-06-13 13:11:09,185 | INFO | [Epoch 116/200] Loss: 0.00001911, LR: 0.00050000
2026-06-13 13:11:09,457 | INFO | [Epoch 117/200] Loss: 0.00001813, LR: 0.00050000
2026-06-13 13:11:09,723 | INFO | [Epoch 118/200] Loss: 0.00001788, LR: 0.00050000
2026-06-13 13:11:09,983 | INFO | [Epoch 119/200] Loss: 0.00001795, LR: 0.00050000
2026-06-13 13:11:10,239 | INFO | [Epoch 120/200] Loss: 0.00001710, LR: 0.00050000
2026-06-13 13:11:10,505 | INFO | [Epoch 121/200] Loss: 0.00001677, LR: 0.00050000
2026-06-13 13:11:10,767 | INFO | [Epoch 122/200] Loss: 0.00001601, LR: 0.00050000
2026-06-13 13:11:11,044 | INFO | [Epoch 123/200] Loss: 0.00001573, LR: 0.00050000
2026-06-13 13:11:11,310 | INFO | [Epoch 124/200] Loss: 0.00001531, LR: 0.00050000
2026-06-13 13:11:11,573 | INFO | [Epoch 125/200] Loss: 0.00001537, LR: 0.00050000
2026-06-13 13:11:11,832 | INFO | [Epoch 126/200] Loss: 0.00001487, LR: 0.00050000
2026-06-13 13:11:12,087 | INFO | [Epoch 127/200] Loss: 0.00001407, LR: 0.00050000
2026-06-13 13:11:12,351 | INFO | [Epoch 128/200] Loss: 0.00001380, LR: 0.00050000
2026-06-13 13:11:12,614 | INFO | [Epoch 129/200] Loss: 0.00001367, LR: 0.00050000
2026-06-13 13:11:12,972 | INFO | [Epoch 130/200] Loss: 0.00001396, LR: 0.00050000
2026-06-13 13:11:13,235 | INFO | [Epoch 131/200] Loss: 0.00001290, LR: 0.00050000
2026-06-13 13:11:13,642 | INFO | [Epoch 132/200] Loss: 0.00001313, LR: 0.00050000
2026-06-13 13:11:14,046 | INFO | [Epoch 133/200] Loss: 0.00001300, LR: 0.00050000
2026-06-13 13:11:14,454 | INFO | [Epoch 134/200] Loss: 0.00001226, LR: 0.00050000
2026-06-13 13:11:14,867 | INFO | [Epoch 135/200] Loss: 0.00001173, LR: 0.00050000
2026-06-13 13:11:15,279 | INFO | [Epoch 136/200] Loss: 0.00001151, LR: 0.00050000
2026-06-13 13:11:15,544 | INFO | [Epoch 137/200] Loss: 0.00001150, LR: 0.00050000
2026-06-13 13:11:15,810 | INFO | [Epoch 138/200] Loss: 0.00001078, LR: 0.00050000
2026-06-13 13:11:16,074 | INFO | [Epoch 139/200] Loss: 0.00001110, LR: 0.00050000
2026-06-13 13:11:16,339 | INFO | [Epoch 140/200] Loss: 0.00001030, LR: 0.00050000
2026-06-13 13:11:16,596 | INFO | [Epoch 141/200] Loss: 0.00001025, LR: 0.00050000
2026-06-13 13:11:16,866 | INFO | [Epoch 142/200] Loss: 0.00000994, LR: 0.00050000
2026-06-13 13:11:17,133 | INFO | [Epoch 143/200] Loss: 0.00000964, LR: 0.00050000
2026-06-13 13:11:17,399 | INFO | [Epoch 144/200] Loss: 0.00000956, LR: 0.00050000
2026-06-13 13:11:17,664 | INFO | [Epoch 145/200] Loss: 0.00000931, LR: 0.00050000
2026-06-13 13:11:17,926 | INFO | [Epoch 146/200] Loss: 0.00000909, LR: 0.00050000
2026-06-13 13:11:18,193 | INFO | [Epoch 147/200] Loss: 0.00000870, LR: 0.00050000
2026-06-13 13:11:18,453 | INFO | [Epoch 148/200] Loss: 0.00000853, LR: 0.00050000
2026-06-13 13:11:18,716 | INFO | [Epoch 149/200] Loss: 0.00000831, LR: 0.00050000
2026-06-13 13:11:18,976 | INFO | [Epoch 150/200] Loss: 0.00000803, LR: 0.00050000
2026-06-13 13:11:19,227 | INFO | [Epoch 151/200] Loss: 0.00000782, LR: 0.00050000
2026-06-13 13:11:19,484 | INFO | [Epoch 152/200] Loss: 0.00000771, LR: 0.00050000
2026-06-13 13:11:19,735 | INFO | [Epoch 153/200] Loss: 0.00000734, LR: 0.00050000
2026-06-13 13:11:19,986 | INFO | [Epoch 154/200] Loss: 0.00000682, LR: 0.00050000
2026-06-13 13:11:20,244 | INFO | [Epoch 155/200] Loss: 0.00000644, LR: 0.00050000
2026-06-13 13:11:20,496 | INFO | [Epoch 156/200] Loss: 0.00000591, LR: 0.00050000
2026-06-13 13:11:20,774 | INFO | [Epoch 157/200] Loss: 0.00000591, LR: 0.00050000
2026-06-13 13:11:21,023 | INFO | [Epoch 158/200] Loss: 0.00000522, LR: 0.00050000
2026-06-13 13:11:21,278 | INFO | [Epoch 159/200] Loss: 0.00000494, LR: 0.00050000
2026-06-13 13:11:21,535 | INFO | [Epoch 160/200] Loss: 0.00000521, LR: 0.00050000
2026-06-13 13:11:21,786 | INFO | [Epoch 161/200] Loss: 0.00000453, LR: 0.00050000
2026-06-13 13:11:22,042 | INFO | [Epoch 162/200] Loss: 0.00000438, LR: 0.00050000
2026-06-13 13:11:22,295 | INFO | [Epoch 163/200] Loss: 0.00000445, LR: 0.00050000
2026-06-13 13:11:22,547 | INFO | [Epoch 164/200] Loss: 0.00000394, LR: 0.00050000
2026-06-13 13:11:22,805 | INFO | [Epoch 165/200] Loss: 0.00000400, LR: 0.00050000
2026-06-13 13:11:23,054 | INFO | [Epoch 166/200] Loss: 0.00000368, LR: 0.00050000
2026-06-13 13:11:23,306 | INFO | [Epoch 167/200] Loss: 0.00000360, LR: 0.00050000
2026-06-13 13:11:23,565 | INFO | [Epoch 168/200] Loss: 0.00000360, LR: 0.00050000
2026-06-13 13:11:23,817 | INFO | [Epoch 169/200] Loss: 0.00000331, LR: 0.00050000
2026-06-13 13:11:24,074 | INFO | [Epoch 170/200] Loss: 0.00000326, LR: 0.00050000
2026-06-13 13:11:24,326 | INFO | [Epoch 171/200] Loss: 0.00000316, LR: 0.00050000
2026-06-13 13:11:24,576 | INFO | [Epoch 172/200] Loss: 0.00000310, LR: 0.00050000
2026-06-13 13:11:24,837 | INFO | [Epoch 173/200] Loss: 0.00000300, LR: 0.00050000
2026-06-13 13:11:25,095 | INFO | [Epoch 174/200] Loss: 0.00000293, LR: 0.00050000
2026-06-13 13:11:25,345 | INFO | [Epoch 175/200] Loss: 0.00000281, LR: 0.00050000
2026-06-13 13:11:25,595 | INFO | [Epoch 176/200] Loss: 0.00000278, LR: 0.00050000
2026-06-13 13:11:25,844 | INFO | [Epoch 177/200] Loss: 0.00000276, LR: 0.00050000
2026-06-13 13:11:26,096 | INFO | [Epoch 178/200] Loss: 0.00000264, LR: 0.00050000
2026-06-13 13:11:26,355 | INFO | [Epoch 179/200] Loss: 0.00000268, LR: 0.00050000
2026-06-13 13:11:26,611 | INFO | [Epoch 180/200] Loss: 0.00000258, LR: 0.00050000
2026-06-13 13:11:26,864 | INFO | [Epoch 181/200] Loss: 0.00000244, LR: 0.00050000
2026-06-13 13:11:27,115 | INFO | [Epoch 182/200] Loss: 0.00000250, LR: 0.00050000
2026-06-13 13:11:27,373 | INFO | [Epoch 183/200] Loss: 0.00000232, LR: 0.00050000
2026-06-13 13:11:27,625 | INFO | [Epoch 184/200] Loss: 0.00000231, LR: 0.00050000
2026-06-13 13:11:27,877 | INFO | [Epoch 185/200] Loss: 0.00000221, LR: 0.00050000
2026-06-13 13:11:28,135 | INFO | [Epoch 186/200] Loss: 0.00000226, LR: 0.00050000
2026-06-13 13:11:28,396 | INFO | [Epoch 187/200] Loss: 0.00000216, LR: 0.00050000
2026-06-13 13:11:28,646 | INFO | [Epoch 188/200] Loss: 0.00000226, LR: 0.00050000
2026-06-13 13:11:28,904 | INFO | [Epoch 189/200] Loss: 0.00000204, LR: 0.00050000
2026-06-13 13:11:29,155 | INFO | [Epoch 190/200] Loss: 0.00000203, LR: 0.00050000
2026-06-13 13:11:29,406 | INFO | [Epoch 191/200] Loss: 0.00000200, LR: 0.00050000
2026-06-13 13:11:29,656 | INFO | [Epoch 192/200] Loss: 0.00000192, LR: 0.00050000
2026-06-13 13:11:29,915 | INFO | [Epoch 193/200] Loss: 0.00000191, LR: 0.00050000
2026-06-13 13:11:30,169 | INFO | [Epoch 194/200] Loss: 0.00000185, LR: 0.00050000
2026-06-13 13:11:30,425 | INFO | [Epoch 195/200] Loss: 0.00000186, LR: 0.00050000
2026-06-13 13:11:30,678 | INFO | [Epoch 196/200] Loss: 0.00000182, LR: 0.00050000
2026-06-13 13:11:30,934 | INFO | [Epoch 197/200] Loss: 0.00000174, LR: 0.00050000
2026-06-13 13:11:31,187 | INFO | [Epoch 198/200] Loss: 0.00000179, LR: 0.00050000
2026-06-13 13:11:31,444 | INFO | [Epoch 199/200] Loss: 0.00000167, LR: 0.00050000
2026-06-13 13:11:31,739 | INFO | [Epoch 200/200] Loss: 0.00000169, LR: 0.00050000
2026-06-13 13:11:31,741 | INFO | Completed training and saved classifier checkpoint: /Volumes/Data/Research/LISTEN/9001-GitHub/Models/LISTEN-classifier.pth
2026-06-13 13:11:31,741 | INFO | Finished training for LISTEN
2026-06-13 13:11:31,741 | INFO | =====================================
