2026-06-13 13:11:58,372 | INFO | Training log: /Volumes/Data/Research/LISTEN/9001-GitHub/Logs/MobileNetV4-Small_train_downstream_20260613_131158.log
2026-06-13 13:11:58,372 | INFO | Training backbone: MobileNetV4-Small
2026-06-13 13:11:58,372 | INFO | Training CSV: /Volumes/Data/Research/LISTEN/9001-GitHub/Datasets/Onsite_Train/train_list.csv
2026-06-13 13:11:58,519 | INFO | Backbone: MobileNetV4-Small
2026-06-13 13:11:58,519 | INFO | Config: {'sr': 48000, 'sample_len': 48000, 'n_fft': 2048, 'win_length': 2048, 'hop_length': 376, 'n_mels': 128, 'top_db': 80, 'patch_size': (16, 16), 'nhead': 4, 'distill_dim': 64, 'depth': 2, 'multiplier': 1, 'clips_per_folder': None, 'lr': 0.0005, 'wd': 0.001, 'batch_size': 16, 'num_workers': 0, 'epochs': 200, 'seed': 42, 'device': 'mps'}
2026-06-13 13:11:58,519 | INFO | Seed: 42
2026-06-13 13:11:58,519 | INFO | Training CSV: /Volumes/Data/Research/LISTEN/9001-GitHub/Datasets/Onsite_Train/train_list.csv
2026-06-13 13:11:58,519 | INFO | Encoder checkpoint: /Volumes/Data/Research/LISTEN/9001-GitHub/Models/MobileNetV4-Small.pth
2026-06-13 13:11:58,519 | INFO | Classifier checkpoint: /Volumes/Data/Research/LISTEN/9001-GitHub/Models/MobileNetV4-Small-classifier.pth
2026-06-13 13:11:58,523 | INFO | Number of classes: 10
2026-06-13 13:11:58,523 | INFO | Dataset size: 200
2026-06-13 13:11:58,523 | INFO | Number of batches per epoch: 13
2026-06-13 13:11:58,523 | INFO | Class mapping: {'Mode1': 0, 'Mode2': 1, 'Mode3': 2, 'Mode4': 3, 'Mode5': 4, 'Mode6': 5, 'Mode7': 6, 'Mode8': 7, 'Off': 8, 'On': 9}
2026-06-13 13:11:59,980 | INFO | [Epoch 1/200] Loss: 2.07204925, LR: 0.00050000
2026-06-13 13:12:00,293 | INFO | [Epoch 2/200] Loss: 1.45601863, LR: 0.00050000
2026-06-13 13:12:00,891 | INFO | [Epoch 3/200] Loss: 0.65456848, LR: 0.00050000
2026-06-13 13:12:01,497 | INFO | [Epoch 4/200] Loss: 0.22006138, LR: 0.00050000
2026-06-13 13:12:02,097 | INFO | [Epoch 5/200] Loss: 0.08363230, LR: 0.00050000
2026-06-13 13:12:02,670 | INFO | [Epoch 6/200] Loss: 0.04691847, LR: 0.00050000
2026-06-13 13:12:03,255 | INFO | [Epoch 7/200] Loss: 0.03105984, LR: 0.00050000
2026-06-13 13:12:03,560 | INFO | [Epoch 8/200] Loss: 0.03126906, LR: 0.00050000
2026-06-13 13:12:03,861 | INFO | [Epoch 9/200] Loss: 0.01604761, LR: 0.00050000
2026-06-13 13:12:04,168 | INFO | [Epoch 10/200] Loss: 0.01665678, LR: 0.00050000
2026-06-13 13:12:04,471 | INFO | [Epoch 11/200] Loss: 0.02519065, LR: 0.00050000
2026-06-13 13:12:04,775 | INFO | [Epoch 12/200] Loss: 0.02800434, LR: 0.00050000
2026-06-13 13:12:05,080 | INFO | [Epoch 13/200] Loss: 0.00557853, LR: 0.00050000
2026-06-13 13:12:05,383 | INFO | [Epoch 14/200] Loss: 0.00428592, LR: 0.00050000
2026-06-13 13:12:05,692 | INFO | [Epoch 15/200] Loss: 0.00257992, LR: 0.00050000
2026-06-13 13:12:05,989 | INFO | [Epoch 16/200] Loss: 0.00212376, LR: 0.00050000
2026-06-13 13:12:06,303 | INFO | [Epoch 17/200] Loss: 0.00176528, LR: 0.00050000
2026-06-13 13:12:06,604 | INFO | [Epoch 18/200] Loss: 0.00158310, LR: 0.00050000
2026-06-13 13:12:06,916 | INFO | [Epoch 19/200] Loss: 0.00140831, LR: 0.00050000
2026-06-13 13:12:07,214 | INFO | [Epoch 20/200] Loss: 0.00127275, LR: 0.00050000
2026-06-13 13:12:07,526 | INFO | [Epoch 21/200] Loss: 0.00117720, LR: 0.00050000
2026-06-13 13:12:07,834 | INFO | [Epoch 22/200] Loss: 0.00105318, LR: 0.00050000
2026-06-13 13:12:08,130 | INFO | [Epoch 23/200] Loss: 0.00097510, LR: 0.00050000
2026-06-13 13:12:08,443 | INFO | [Epoch 24/200] Loss: 0.00089116, LR: 0.00050000
2026-06-13 13:12:08,749 | INFO | [Epoch 25/200] Loss: 0.00082783, LR: 0.00050000
2026-06-13 13:12:09,050 | INFO | [Epoch 26/200] Loss: 0.00076914, LR: 0.00050000
2026-06-13 13:12:09,361 | INFO | [Epoch 27/200] Loss: 0.00071477, LR: 0.00050000
2026-06-13 13:12:09,664 | INFO | [Epoch 28/200] Loss: 0.00067682, LR: 0.00050000
2026-06-13 13:12:09,973 | INFO | [Epoch 29/200] Loss: 0.00062711, LR: 0.00050000
2026-06-13 13:12:10,283 | INFO | [Epoch 30/200] Loss: 0.00058414, LR: 0.00050000
2026-06-13 13:12:10,590 | INFO | [Epoch 31/200] Loss: 0.00056373, LR: 0.00050000
2026-06-13 13:12:10,894 | INFO | [Epoch 32/200] Loss: 0.00051337, LR: 0.00050000
2026-06-13 13:12:11,193 | INFO | [Epoch 33/200] Loss: 0.00051395, LR: 0.00050000
2026-06-13 13:12:11,489 | INFO | [Epoch 34/200] Loss: 0.00045932, LR: 0.00050000
2026-06-13 13:12:11,802 | INFO | [Epoch 35/200] Loss: 0.00046115, LR: 0.00050000
2026-06-13 13:12:12,090 | INFO | [Epoch 36/200] Loss: 0.00041500, LR: 0.00050000
2026-06-13 13:12:12,385 | INFO | [Epoch 37/200] Loss: 0.00039304, LR: 0.00050000
2026-06-13 13:12:12,682 | INFO | [Epoch 38/200] Loss: 0.00037282, LR: 0.00050000
2026-06-13 13:12:12,999 | INFO | [Epoch 39/200] Loss: 0.00035724, LR: 0.00050000
2026-06-13 13:12:14,057 | INFO | [Epoch 40/200] Loss: 0.00034092, LR: 0.00050000
2026-06-13 13:12:15,701 | INFO | [Epoch 41/200] Loss: 0.00032900, LR: 0.00050000
2026-06-13 13:12:16,009 | INFO | [Epoch 42/200] Loss: 0.00031001, LR: 0.00050000
2026-06-13 13:12:16,310 | INFO | [Epoch 43/200] Loss: 0.00030586, LR: 0.00050000
2026-06-13 13:12:16,598 | INFO | [Epoch 44/200] Loss: 0.00028301, LR: 0.00050000
2026-06-13 13:12:16,893 | INFO | [Epoch 45/200] Loss: 0.00027391, LR: 0.00050000
2026-06-13 13:12:17,173 | INFO | [Epoch 46/200] Loss: 0.00026100, LR: 0.00050000
2026-06-13 13:12:17,500 | INFO | [Epoch 47/200] Loss: 0.00025049, LR: 0.00050000
2026-06-13 13:12:17,818 | INFO | [Epoch 48/200] Loss: 0.00024117, LR: 0.00050000
2026-06-13 13:12:18,425 | INFO | [Epoch 49/200] Loss: 0.00023380, LR: 0.00050000
2026-06-13 13:12:18,792 | INFO | [Epoch 50/200] Loss: 0.00022477, LR: 0.00050000
2026-06-13 13:12:19,401 | INFO | [Epoch 51/200] Loss: 0.00021767, LR: 0.00050000
2026-06-13 13:12:20,009 | INFO | [Epoch 52/200] Loss: 0.00021085, LR: 0.00050000
2026-06-13 13:12:20,618 | INFO | [Epoch 53/200] Loss: 0.00019983, LR: 0.00050000
2026-06-13 13:12:20,917 | INFO | [Epoch 54/200] Loss: 0.00019210, LR: 0.00050000
2026-06-13 13:12:21,217 | INFO | [Epoch 55/200] Loss: 0.00018641, LR: 0.00050000
2026-06-13 13:12:21,513 | INFO | [Epoch 56/200] Loss: 0.00017988, LR: 0.00050000
2026-06-13 13:12:21,799 | INFO | [Epoch 57/200] Loss: 0.00017381, LR: 0.00050000
2026-06-13 13:12:22,102 | INFO | [Epoch 58/200] Loss: 0.00017701, LR: 0.00050000
2026-06-13 13:12:22,400 | INFO | [Epoch 59/200] Loss: 0.00016731, LR: 0.00050000
2026-06-13 13:12:22,698 | INFO | [Epoch 60/200] Loss: 0.00015863, LR: 0.00050000
2026-06-13 13:12:23,001 | INFO | [Epoch 61/200] Loss: 0.00015315, LR: 0.00050000
2026-06-13 13:12:23,299 | INFO | [Epoch 62/200] Loss: 0.00014849, LR: 0.00050000
2026-06-13 13:12:23,607 | INFO | [Epoch 63/200] Loss: 0.00014353, LR: 0.00050000
2026-06-13 13:12:23,914 | INFO | [Epoch 64/200] Loss: 0.00014201, LR: 0.00050000
2026-06-13 13:12:24,206 | INFO | [Epoch 65/200] Loss: 0.00013471, LR: 0.00050000
2026-06-13 13:12:24,500 | INFO | [Epoch 66/200] Loss: 0.00013362, LR: 0.00050000
2026-06-13 13:12:24,802 | INFO | [Epoch 67/200] Loss: 0.00012803, LR: 0.00050000
2026-06-13 13:12:25,088 | INFO | [Epoch 68/200] Loss: 0.00012454, LR: 0.00050000
2026-06-13 13:12:25,398 | INFO | [Epoch 69/200] Loss: 0.00012958, LR: 0.00050000
2026-06-13 13:12:25,694 | INFO | [Epoch 70/200] Loss: 0.00012003, LR: 0.00050000
2026-06-13 13:12:25,985 | INFO | [Epoch 71/200] Loss: 0.00011413, LR: 0.00050000
2026-06-13 13:12:26,301 | INFO | [Epoch 72/200] Loss: 0.00011039, LR: 0.00050000
2026-06-13 13:12:26,608 | INFO | [Epoch 73/200] Loss: 0.00010890, LR: 0.00050000
2026-06-13 13:12:26,909 | INFO | [Epoch 74/200] Loss: 0.00010474, LR: 0.00050000
2026-06-13 13:12:27,208 | INFO | [Epoch 75/200] Loss: 0.00010198, LR: 0.00050000
2026-06-13 13:12:27,508 | INFO | [Epoch 76/200] Loss: 0.00010199, LR: 0.00050000
2026-06-13 13:12:27,808 | INFO | [Epoch 77/200] Loss: 0.00010026, LR: 0.00050000
2026-06-13 13:12:28,093 | INFO | [Epoch 78/200] Loss: 0.00009460, LR: 0.00050000
2026-06-13 13:12:28,407 | INFO | [Epoch 79/200] Loss: 0.00009167, LR: 0.00050000
2026-06-13 13:12:28,709 | INFO | [Epoch 80/200] Loss: 0.00009070, LR: 0.00050000
2026-06-13 13:12:28,988 | INFO | [Epoch 81/200] Loss: 0.00008774, LR: 0.00050000
2026-06-13 13:12:29,309 | INFO | [Epoch 82/200] Loss: 0.00008587, LR: 0.00050000
2026-06-13 13:12:29,596 | INFO | [Epoch 83/200] Loss: 0.00008360, LR: 0.00050000
2026-06-13 13:12:29,892 | INFO | [Epoch 84/200] Loss: 0.00008194, LR: 0.00050000
2026-06-13 13:12:30,193 | INFO | [Epoch 85/200] Loss: 0.00008191, LR: 0.00050000
2026-06-13 13:12:30,492 | INFO | [Epoch 86/200] Loss: 0.00007761, LR: 0.00050000
2026-06-13 13:12:30,805 | INFO | [Epoch 87/200] Loss: 0.00007587, LR: 0.00050000
2026-06-13 13:12:31,111 | INFO | [Epoch 88/200] Loss: 0.00007399, LR: 0.00050000
2026-06-13 13:12:31,449 | INFO | [Epoch 89/200] Loss: 0.00007486, LR: 0.00050000
2026-06-13 13:12:31,744 | INFO | [Epoch 90/200] Loss: 0.00007164, LR: 0.00050000
2026-06-13 13:12:32,045 | INFO | [Epoch 91/200] Loss: 0.00006981, LR: 0.00050000
2026-06-13 13:12:32,358 | INFO | [Epoch 92/200] Loss: 0.00006862, LR: 0.00050000
2026-06-13 13:12:32,740 | INFO | [Epoch 93/200] Loss: 0.00006652, LR: 0.00050000
2026-06-13 13:12:33,040 | INFO | [Epoch 94/200] Loss: 0.00006633, LR: 0.00050000
2026-06-13 13:12:33,353 | INFO | [Epoch 95/200] Loss: 0.00006377, LR: 0.00050000
2026-06-13 13:12:33,671 | INFO | [Epoch 96/200] Loss: 0.00006235, LR: 0.00050000
2026-06-13 13:12:33,987 | INFO | [Epoch 97/200] Loss: 0.00006131, LR: 0.00050000
2026-06-13 13:12:34,332 | INFO | [Epoch 98/200] Loss: 0.00006214, LR: 0.00050000
2026-06-13 13:12:34,639 | INFO | [Epoch 99/200] Loss: 0.00006125, LR: 0.00050000
2026-06-13 13:12:34,945 | INFO | [Epoch 100/200] Loss: 0.00005755, LR: 0.00050000
2026-06-13 13:12:35,249 | INFO | [Epoch 101/200] Loss: 0.00005622, LR: 0.00050000
2026-06-13 13:12:35,567 | INFO | [Epoch 102/200] Loss: 0.00005567, LR: 0.00050000
2026-06-13 13:12:35,882 | INFO | [Epoch 103/200] Loss: 0.00005404, LR: 0.00050000
2026-06-13 13:12:36,191 | INFO | [Epoch 104/200] Loss: 0.00005539, LR: 0.00050000
2026-06-13 13:12:36,504 | INFO | [Epoch 105/200] Loss: 0.00005282, LR: 0.00050000
2026-06-13 13:12:36,820 | INFO | [Epoch 106/200] Loss: 0.00005090, LR: 0.00050000
2026-06-13 13:12:37,141 | INFO | [Epoch 107/200] Loss: 0.00005086, LR: 0.00050000
2026-06-13 13:12:37,444 | INFO | [Epoch 108/200] Loss: 0.00004873, LR: 0.00050000
2026-06-13 13:12:37,765 | INFO | [Epoch 109/200] Loss: 0.00004772, LR: 0.00050000
2026-06-13 13:12:38,079 | INFO | [Epoch 110/200] Loss: 0.00004753, LR: 0.00050000
2026-06-13 13:12:38,393 | INFO | [Epoch 111/200] Loss: 0.00004582, LR: 0.00050000
2026-06-13 13:12:38,703 | INFO | [Epoch 112/200] Loss: 0.00004539, LR: 0.00050000
2026-06-13 13:12:39,015 | INFO | [Epoch 113/200] Loss: 0.00004453, LR: 0.00050000
2026-06-13 13:12:39,327 | INFO | [Epoch 114/200] Loss: 0.00004355, LR: 0.00050000
2026-06-13 13:12:39,634 | INFO | [Epoch 115/200] Loss: 0.00004502, LR: 0.00050000
2026-06-13 13:12:39,946 | INFO | [Epoch 116/200] Loss: 0.00004181, LR: 0.00050000
2026-06-13 13:12:40,266 | INFO | [Epoch 117/200] Loss: 0.00004148, LR: 0.00050000
2026-06-13 13:12:40,586 | INFO | [Epoch 118/200] Loss: 0.00004144, LR: 0.00050000
2026-06-13 13:12:40,900 | INFO | [Epoch 119/200] Loss: 0.00003991, LR: 0.00050000
2026-06-13 13:12:41,208 | INFO | [Epoch 120/200] Loss: 0.00004046, LR: 0.00050000
2026-06-13 13:12:41,527 | INFO | [Epoch 121/200] Loss: 0.00003859, LR: 0.00050000
2026-06-13 13:12:41,831 | INFO | [Epoch 122/200] Loss: 0.00003950, LR: 0.00050000
2026-06-13 13:12:42,140 | INFO | [Epoch 123/200] Loss: 0.00003800, LR: 0.00050000
2026-06-13 13:12:42,460 | INFO | [Epoch 124/200] Loss: 0.00003654, LR: 0.00050000
2026-06-13 13:12:43,065 | INFO | [Epoch 125/200] Loss: 0.00003560, LR: 0.00050000
2026-06-13 13:12:43,364 | INFO | [Epoch 126/200] Loss: 0.00003521, LR: 0.00050000
2026-06-13 13:12:44,184 | INFO | [Epoch 127/200] Loss: 0.00003530, LR: 0.00050000
2026-06-13 13:12:44,994 | INFO | [Epoch 128/200] Loss: 0.00003407, LR: 0.00050000
2026-06-13 13:12:45,562 | INFO | [Epoch 129/200] Loss: 0.00003495, LR: 0.00050000
2026-06-13 13:12:46,100 | INFO | [Epoch 130/200] Loss: 0.00003436, LR: 0.00050000
2026-06-13 13:12:46,647 | INFO | [Epoch 131/200] Loss: 0.00003292, LR: 0.00050000
2026-06-13 13:12:46,951 | INFO | [Epoch 132/200] Loss: 0.00003180, LR: 0.00050000
2026-06-13 13:12:47,280 | INFO | [Epoch 133/200] Loss: 0.00003126, LR: 0.00050000
2026-06-13 13:12:47,594 | INFO | [Epoch 134/200] Loss: 0.00003103, LR: 0.00050000
2026-06-13 13:12:47,916 | INFO | [Epoch 135/200] Loss: 0.00003024, LR: 0.00050000
2026-06-13 13:12:48,234 | INFO | [Epoch 136/200] Loss: 0.00003062, LR: 0.00050000
2026-06-13 13:12:48,543 | INFO | [Epoch 137/200] Loss: 0.00002940, LR: 0.00050000
2026-06-13 13:12:48,856 | INFO | [Epoch 138/200] Loss: 0.00002893, LR: 0.00050000
2026-06-13 13:12:49,159 | INFO | [Epoch 139/200] Loss: 0.00002842, LR: 0.00050000
2026-06-13 13:12:49,467 | INFO | [Epoch 140/200] Loss: 0.00002950, LR: 0.00050000
2026-06-13 13:12:49,775 | INFO | [Epoch 141/200] Loss: 0.00002762, LR: 0.00050000
2026-06-13 13:12:50,092 | INFO | [Epoch 142/200] Loss: 0.00002692, LR: 0.00050000
2026-06-13 13:12:50,405 | INFO | [Epoch 143/200] Loss: 0.00002709, LR: 0.00050000
2026-06-13 13:12:50,718 | INFO | [Epoch 144/200] Loss: 0.00002698, LR: 0.00050000
2026-06-13 13:12:51,045 | INFO | [Epoch 145/200] Loss: 0.00002713, LR: 0.00050000
2026-06-13 13:12:51,351 | INFO | [Epoch 146/200] Loss: 0.00002563, LR: 0.00050000
2026-06-13 13:12:51,670 | INFO | [Epoch 147/200] Loss: 0.00002512, LR: 0.00050000
2026-06-13 13:12:51,986 | INFO | [Epoch 148/200] Loss: 0.00002487, LR: 0.00050000
2026-06-13 13:12:52,295 | INFO | [Epoch 149/200] Loss: 0.00002481, LR: 0.00050000
2026-06-13 13:12:52,608 | INFO | [Epoch 150/200] Loss: 0.00002420, LR: 0.00050000
2026-06-13 13:12:52,921 | INFO | [Epoch 151/200] Loss: 0.00002381, LR: 0.00050000
2026-06-13 13:12:53,234 | INFO | [Epoch 152/200] Loss: 0.00002339, LR: 0.00050000
2026-06-13 13:12:53,552 | INFO | [Epoch 153/200] Loss: 0.00002344, LR: 0.00050000
2026-06-13 13:12:53,859 | INFO | [Epoch 154/200] Loss: 0.00002424, LR: 0.00050000
2026-06-13 13:12:54,176 | INFO | [Epoch 155/200] Loss: 0.00002351, LR: 0.00050000
2026-06-13 13:12:54,486 | INFO | [Epoch 156/200] Loss: 0.00002205, LR: 0.00050000
2026-06-13 13:12:54,802 | INFO | [Epoch 157/200] Loss: 0.00002165, LR: 0.00050000
2026-06-13 13:12:55,135 | INFO | [Epoch 158/200] Loss: 0.00002132, LR: 0.00050000
2026-06-13 13:12:55,444 | INFO | [Epoch 159/200] Loss: 0.00002130, LR: 0.00050000
2026-06-13 13:12:55,762 | INFO | [Epoch 160/200] Loss: 0.00002128, LR: 0.00050000
2026-06-13 13:12:56,068 | INFO | [Epoch 161/200] Loss: 0.00002035, LR: 0.00050000
2026-06-13 13:12:56,369 | INFO | [Epoch 162/200] Loss: 0.00002133, LR: 0.00050000
2026-06-13 13:12:56,678 | INFO | [Epoch 163/200] Loss: 0.00001987, LR: 0.00050000
2026-06-13 13:12:56,993 | INFO | [Epoch 164/200] Loss: 0.00001957, LR: 0.00050000
2026-06-13 13:12:57,285 | INFO | [Epoch 165/200] Loss: 0.00001968, LR: 0.00050000
2026-06-13 13:12:57,601 | INFO | [Epoch 166/200] Loss: 0.00002039, LR: 0.00050000
2026-06-13 13:12:57,916 | INFO | [Epoch 167/200] Loss: 0.00001953, LR: 0.00050000
2026-06-13 13:12:58,225 | INFO | [Epoch 168/200] Loss: 0.00001851, LR: 0.00050000
2026-06-13 13:12:58,547 | INFO | [Epoch 169/200] Loss: 0.00001833, LR: 0.00050000
2026-06-13 13:12:58,853 | INFO | [Epoch 170/200] Loss: 0.00001814, LR: 0.00050000
2026-06-13 13:12:59,160 | INFO | [Epoch 171/200] Loss: 0.00001775, LR: 0.00050000
2026-06-13 13:12:59,492 | INFO | [Epoch 172/200] Loss: 0.00001763, LR: 0.00050000
2026-06-13 13:12:59,793 | INFO | [Epoch 173/200] Loss: 0.00001733, LR: 0.00050000
2026-06-13 13:13:00,118 | INFO | [Epoch 174/200] Loss: 0.00001721, LR: 0.00050000
2026-06-13 13:13:00,424 | INFO | [Epoch 175/200] Loss: 0.00001695, LR: 0.00050000
2026-06-13 13:13:00,728 | INFO | [Epoch 176/200] Loss: 0.00001663, LR: 0.00050000
2026-06-13 13:13:01,036 | INFO | [Epoch 177/200] Loss: 0.00001703, LR: 0.00050000
2026-06-13 13:13:01,353 | INFO | [Epoch 178/200] Loss: 0.00001612, LR: 0.00050000
2026-06-13 13:13:01,664 | INFO | [Epoch 179/200] Loss: 0.00001710, LR: 0.00050000
2026-06-13 13:13:01,976 | INFO | [Epoch 180/200] Loss: 0.00001609, LR: 0.00050000
2026-06-13 13:13:02,296 | INFO | [Epoch 181/200] Loss: 0.00001561, LR: 0.00050000
2026-06-13 13:13:02,610 | INFO | [Epoch 182/200] Loss: 0.00001542, LR: 0.00050000
2026-06-13 13:13:02,927 | INFO | [Epoch 183/200] Loss: 0.00001555, LR: 0.00050000
2026-06-13 13:13:03,271 | INFO | [Epoch 184/200] Loss: 0.00001540, LR: 0.00050000
2026-06-13 13:13:03,618 | INFO | [Epoch 185/200] Loss: 0.00001487, LR: 0.00050000
2026-06-13 13:13:03,925 | INFO | [Epoch 186/200] Loss: 0.00001469, LR: 0.00050000
2026-06-13 13:13:04,248 | INFO | [Epoch 187/200] Loss: 0.00001465, LR: 0.00050000
2026-06-13 13:13:04,565 | INFO | [Epoch 188/200] Loss: 0.00001429, LR: 0.00050000
2026-06-13 13:13:04,881 | INFO | [Epoch 189/200] Loss: 0.00001495, LR: 0.00050000
2026-06-13 13:13:05,174 | INFO | [Epoch 190/200] Loss: 0.00001385, LR: 0.00050000
2026-06-13 13:13:05,491 | INFO | [Epoch 191/200] Loss: 0.00001365, LR: 0.00050000
2026-06-13 13:13:05,822 | INFO | [Epoch 192/200] Loss: 0.00001354, LR: 0.00050000
2026-06-13 13:13:06,161 | INFO | [Epoch 193/200] Loss: 0.00001335, LR: 0.00050000
2026-06-13 13:13:06,468 | INFO | [Epoch 194/200] Loss: 0.00001319, LR: 0.00050000
2026-06-13 13:13:06,754 | INFO | [Epoch 195/200] Loss: 0.00001312, LR: 0.00050000
2026-06-13 13:13:07,034 | INFO | [Epoch 196/200] Loss: 0.00001342, LR: 0.00050000
2026-06-13 13:13:07,315 | INFO | [Epoch 197/200] Loss: 0.00001272, LR: 0.00050000
2026-06-13 13:13:07,616 | INFO | [Epoch 198/200] Loss: 0.00001283, LR: 0.00050000
2026-06-13 13:13:08,017 | INFO | [Epoch 199/200] Loss: 0.00001265, LR: 0.00050000
2026-06-13 13:13:08,393 | INFO | [Epoch 200/200] Loss: 0.00001231, LR: 0.00050000
2026-06-13 13:13:08,395 | INFO | Completed training and saved classifier checkpoint: /Volumes/Data/Research/LISTEN/9001-GitHub/Models/MobileNetV4-Small-classifier.pth
2026-06-13 13:13:08,395 | INFO | Finished training for MobileNetV4-Small
2026-06-13 13:13:08,395 | INFO | =====================================
