2026-06-13 13:13:13,917 | INFO | Training log: /Volumes/Data/Research/LISTEN/9001-GitHub/Logs/MobileViT-XXS_train_downstream_20260613_131313.log
2026-06-13 13:13:13,917 | INFO | Training backbone: MobileViT-XXS
2026-06-13 13:13:13,917 | INFO | Training CSV: /Volumes/Data/Research/LISTEN/9001-GitHub/Datasets/Onsite_Train/train_list.csv
2026-06-13 13:13:14,068 | INFO | Backbone: MobileViT-XXS
2026-06-13 13:13:14,069 | INFO | Config: {'sr': 48000, 'sample_len': 48000, 'n_fft': 2048, 'win_length': 2048, 'hop_length': 376, 'n_mels': 128, 'top_db': 80, 'patch_size': (16, 16), 'nhead': 4, 'distill_dim': 64, 'depth': 2, 'multiplier': 1, 'clips_per_folder': None, 'lr': 0.0005, 'wd': 0.001, 'batch_size': 16, 'num_workers': 0, 'epochs': 200, 'seed': 42, 'device': 'mps'}
2026-06-13 13:13:14,069 | INFO | Seed: 42
2026-06-13 13:13:14,069 | INFO | Training CSV: /Volumes/Data/Research/LISTEN/9001-GitHub/Datasets/Onsite_Train/train_list.csv
2026-06-13 13:13:14,069 | INFO | Encoder checkpoint: /Volumes/Data/Research/LISTEN/9001-GitHub/Models/MobileViT-XXS.pth
2026-06-13 13:13:14,069 | INFO | Classifier checkpoint: /Volumes/Data/Research/LISTEN/9001-GitHub/Models/MobileViT-XXS-classifier.pth
2026-06-13 13:13:14,073 | INFO | Number of classes: 10
2026-06-13 13:13:14,073 | INFO | Dataset size: 200
2026-06-13 13:13:14,073 | INFO | Number of batches per epoch: 13
2026-06-13 13:13:14,073 | INFO | Class mapping: {'Mode1': 0, 'Mode2': 1, 'Mode3': 2, 'Mode4': 3, 'Mode5': 4, 'Mode6': 5, 'Mode7': 6, 'Mode8': 7, 'Off': 8, 'On': 9}
2026-06-13 13:13:15,709 | INFO | [Epoch 1/200] Loss: 2.05609390, LR: 0.00050000
2026-06-13 13:13:16,043 | INFO | [Epoch 2/200] Loss: 1.28741991, LR: 0.00050000
2026-06-13 13:13:16,664 | INFO | [Epoch 3/200] Loss: 0.51454907, LR: 0.00050000
2026-06-13 13:13:17,237 | INFO | [Epoch 4/200] Loss: 0.16720912, LR: 0.00050000
2026-06-13 13:13:17,832 | INFO | [Epoch 5/200] Loss: 0.05525658, LR: 0.00050000
2026-06-13 13:13:18,456 | INFO | [Epoch 6/200] Loss: 0.02190654, LR: 0.00050000
2026-06-13 13:13:19,053 | INFO | [Epoch 7/200] Loss: 0.01232465, LR: 0.00050000
2026-06-13 13:13:19,393 | INFO | [Epoch 8/200] Loss: 0.00801224, LR: 0.00050000
2026-06-13 13:13:19,733 | INFO | [Epoch 9/200] Loss: 0.00582951, LR: 0.00050000
2026-06-13 13:13:20,069 | INFO | [Epoch 10/200] Loss: 0.00476160, LR: 0.00050000
2026-06-13 13:13:20,410 | INFO | [Epoch 11/200] Loss: 0.00400337, LR: 0.00050000
2026-06-13 13:13:20,744 | INFO | [Epoch 12/200] Loss: 0.00330792, LR: 0.00050000
2026-06-13 13:13:21,073 | INFO | [Epoch 13/200] Loss: 0.00273324, LR: 0.00050000
2026-06-13 13:13:21,398 | INFO | [Epoch 14/200] Loss: 0.00234631, LR: 0.00050000
2026-06-13 13:13:21,729 | INFO | [Epoch 15/200] Loss: 0.00204403, LR: 0.00050000
2026-06-13 13:13:22,071 | INFO | [Epoch 16/200] Loss: 0.00177220, LR: 0.00050000
2026-06-13 13:13:22,412 | INFO | [Epoch 17/200] Loss: 0.00156122, LR: 0.00050000
2026-06-13 13:13:22,742 | INFO | [Epoch 18/200] Loss: 0.00143465, LR: 0.00050000
2026-06-13 13:13:23,080 | INFO | [Epoch 19/200] Loss: 0.00127060, LR: 0.00050000
2026-06-13 13:13:23,428 | INFO | [Epoch 20/200] Loss: 0.00113548, LR: 0.00050000
2026-06-13 13:13:23,769 | INFO | [Epoch 21/200] Loss: 0.00098578, LR: 0.00050000
2026-06-13 13:13:24,104 | INFO | [Epoch 22/200] Loss: 0.00090751, LR: 0.00050000
2026-06-13 13:13:24,422 | INFO | [Epoch 23/200] Loss: 0.00083122, LR: 0.00050000
2026-06-13 13:13:24,757 | INFO | [Epoch 24/200] Loss: 0.00073666, LR: 0.00050000
2026-06-13 13:13:25,081 | INFO | [Epoch 25/200] Loss: 0.00068276, LR: 0.00050000
2026-06-13 13:13:25,411 | INFO | [Epoch 26/200] Loss: 0.00064349, LR: 0.00050000
2026-06-13 13:13:25,751 | INFO | [Epoch 27/200] Loss: 0.00059200, LR: 0.00050000
2026-06-13 13:13:26,079 | INFO | [Epoch 28/200] Loss: 0.00053548, LR: 0.00050000
2026-06-13 13:13:26,409 | INFO | [Epoch 29/200] Loss: 0.00049191, LR: 0.00050000
2026-06-13 13:13:26,751 | INFO | [Epoch 30/200] Loss: 0.00046190, LR: 0.00050000
2026-06-13 13:13:27,080 | INFO | [Epoch 31/200] Loss: 0.00042787, LR: 0.00050000
2026-06-13 13:13:27,415 | INFO | [Epoch 32/200] Loss: 0.00040756, LR: 0.00050000
2026-06-13 13:13:27,747 | INFO | [Epoch 33/200] Loss: 0.00037845, LR: 0.00050000
2026-06-13 13:13:28,083 | INFO | [Epoch 34/200] Loss: 0.00035885, LR: 0.00050000
2026-06-13 13:13:28,425 | INFO | [Epoch 35/200] Loss: 0.00032993, LR: 0.00050000
2026-06-13 13:13:28,756 | INFO | [Epoch 36/200] Loss: 0.00030916, LR: 0.00050000
2026-06-13 13:13:29,084 | INFO | [Epoch 37/200] Loss: 0.00029044, LR: 0.00050000
2026-06-13 13:13:29,422 | INFO | [Epoch 38/200] Loss: 0.00027762, LR: 0.00050000
2026-06-13 13:13:29,757 | INFO | [Epoch 39/200] Loss: 0.00025963, LR: 0.00050000
2026-06-13 13:13:30,086 | INFO | [Epoch 40/200] Loss: 0.00024940, LR: 0.00050000
2026-06-13 13:13:30,428 | INFO | [Epoch 41/200] Loss: 0.00023486, LR: 0.00050000
2026-06-13 13:13:30,754 | INFO | [Epoch 42/200] Loss: 0.00022224, LR: 0.00050000
2026-06-13 13:13:31,099 | INFO | [Epoch 43/200] Loss: 0.00021732, LR: 0.00050000
2026-06-13 13:13:31,436 | INFO | [Epoch 44/200] Loss: 0.00020001, LR: 0.00050000
2026-06-13 13:13:31,783 | INFO | [Epoch 45/200] Loss: 0.00019216, LR: 0.00050000
2026-06-13 13:13:32,095 | INFO | [Epoch 46/200] Loss: 0.00018182, LR: 0.00050000
2026-06-13 13:13:32,413 | INFO | [Epoch 47/200] Loss: 0.00017921, LR: 0.00050000
2026-06-13 13:13:32,749 | INFO | [Epoch 48/200] Loss: 0.00016605, LR: 0.00050000
2026-06-13 13:13:33,086 | INFO | [Epoch 49/200] Loss: 0.00015869, LR: 0.00050000
2026-06-13 13:13:33,417 | INFO | [Epoch 50/200] Loss: 0.00015273, LR: 0.00050000
2026-06-13 13:13:33,764 | INFO | [Epoch 51/200] Loss: 0.00014822, LR: 0.00050000
2026-06-13 13:13:34,100 | INFO | [Epoch 52/200] Loss: 0.00013886, LR: 0.00050000
2026-06-13 13:13:34,433 | INFO | [Epoch 53/200] Loss: 0.00013722, LR: 0.00050000
2026-06-13 13:13:34,760 | INFO | [Epoch 54/200] Loss: 0.00013057, LR: 0.00050000
2026-06-13 13:13:35,090 | INFO | [Epoch 55/200] Loss: 0.00012593, LR: 0.00050000
2026-06-13 13:13:35,418 | INFO | [Epoch 56/200] Loss: 0.00012077, LR: 0.00050000
2026-06-13 13:13:35,761 | INFO | [Epoch 57/200] Loss: 0.00011433, LR: 0.00050000
2026-06-13 13:13:36,092 | INFO | [Epoch 58/200] Loss: 0.00011213, LR: 0.00050000
2026-06-13 13:13:36,412 | INFO | [Epoch 59/200] Loss: 0.00010861, LR: 0.00050000
2026-06-13 13:13:36,736 | INFO | [Epoch 60/200] Loss: 0.00010675, LR: 0.00050000
2026-06-13 13:13:37,075 | INFO | [Epoch 61/200] Loss: 0.00010026, LR: 0.00050000
2026-06-13 13:13:37,403 | INFO | [Epoch 62/200] Loss: 0.00009627, LR: 0.00050000
2026-06-13 13:13:37,740 | INFO | [Epoch 63/200] Loss: 0.00009330, LR: 0.00050000
2026-06-13 13:13:38,071 | INFO | [Epoch 64/200] Loss: 0.00009014, LR: 0.00050000
2026-06-13 13:13:38,390 | INFO | [Epoch 65/200] Loss: 0.00008662, LR: 0.00050000
2026-06-13 13:13:38,725 | INFO | [Epoch 66/200] Loss: 0.00008797, LR: 0.00050000
2026-06-13 13:13:39,061 | INFO | [Epoch 67/200] Loss: 0.00008122, LR: 0.00050000
2026-06-13 13:13:39,402 | INFO | [Epoch 68/200] Loss: 0.00007878, LR: 0.00050000
2026-06-13 13:13:39,734 | INFO | [Epoch 69/200] Loss: 0.00007736, LR: 0.00050000
2026-06-13 13:13:40,062 | INFO | [Epoch 70/200] Loss: 0.00007366, LR: 0.00050000
2026-06-13 13:13:40,408 | INFO | [Epoch 71/200] Loss: 0.00007221, LR: 0.00050000
2026-06-13 13:13:40,739 | INFO | [Epoch 72/200] Loss: 0.00006981, LR: 0.00050000
2026-06-13 13:13:41,070 | INFO | [Epoch 73/200] Loss: 0.00006679, LR: 0.00050000
2026-06-13 13:13:41,396 | INFO | [Epoch 74/200] Loss: 0.00006538, LR: 0.00050000
2026-06-13 13:13:41,731 | INFO | [Epoch 75/200] Loss: 0.00006309, LR: 0.00050000
2026-06-13 13:13:42,056 | INFO | [Epoch 76/200] Loss: 0.00006243, LR: 0.00050000
2026-06-13 13:13:42,375 | INFO | [Epoch 77/200] Loss: 0.00006036, LR: 0.00050000
2026-06-13 13:13:42,700 | INFO | [Epoch 78/200] Loss: 0.00005894, LR: 0.00050000
2026-06-13 13:13:43,019 | INFO | [Epoch 79/200] Loss: 0.00005661, LR: 0.00050000
2026-06-13 13:13:44,138 | INFO | [Epoch 80/200] Loss: 0.00005659, LR: 0.00050000
2026-06-13 13:13:45,703 | INFO | [Epoch 81/200] Loss: 0.00005401, LR: 0.00050000
2026-06-13 13:13:46,039 | INFO | [Epoch 82/200] Loss: 0.00005245, LR: 0.00050000
2026-06-13 13:13:46,363 | INFO | [Epoch 83/200] Loss: 0.00005048, LR: 0.00050000
2026-06-13 13:13:46,690 | INFO | [Epoch 84/200] Loss: 0.00004935, LR: 0.00050000
2026-06-13 13:13:47,025 | INFO | [Epoch 85/200] Loss: 0.00004820, LR: 0.00050000
2026-06-13 13:13:47,357 | INFO | [Epoch 86/200] Loss: 0.00004719, LR: 0.00050000
2026-06-13 13:13:47,953 | INFO | [Epoch 87/200] Loss: 0.00004742, LR: 0.00050000
2026-06-13 13:13:48,569 | INFO | [Epoch 88/200] Loss: 0.00004500, LR: 0.00050000
2026-06-13 13:13:49,173 | INFO | [Epoch 89/200] Loss: 0.00004412, LR: 0.00050000
2026-06-13 13:13:49,774 | INFO | [Epoch 90/200] Loss: 0.00004288, LR: 0.00050000
2026-06-13 13:13:50,374 | INFO | [Epoch 91/200] Loss: 0.00004230, LR: 0.00050000
2026-06-13 13:13:50,704 | INFO | [Epoch 92/200] Loss: 0.00004051, LR: 0.00050000
2026-06-13 13:13:51,032 | INFO | [Epoch 93/200] Loss: 0.00004032, LR: 0.00050000
2026-06-13 13:13:51,362 | INFO | [Epoch 94/200] Loss: 0.00003873, LR: 0.00050000
2026-06-13 13:13:51,703 | INFO | [Epoch 95/200] Loss: 0.00003783, LR: 0.00050000
2026-06-13 13:13:52,038 | INFO | [Epoch 96/200] Loss: 0.00003748, LR: 0.00050000
2026-06-13 13:13:52,387 | INFO | [Epoch 97/200] Loss: 0.00003596, LR: 0.00050000
2026-06-13 13:13:52,733 | INFO | [Epoch 98/200] Loss: 0.00003623, LR: 0.00050000
2026-06-13 13:13:53,055 | INFO | [Epoch 99/200] Loss: 0.00003533, LR: 0.00050000
2026-06-13 13:13:53,400 | INFO | [Epoch 100/200] Loss: 0.00003426, LR: 0.00050000
2026-06-13 13:13:53,726 | INFO | [Epoch 101/200] Loss: 0.00003313, LR: 0.00050000
2026-06-13 13:13:54,056 | INFO | [Epoch 102/200] Loss: 0.00003274, LR: 0.00050000
2026-06-13 13:13:54,394 | INFO | [Epoch 103/200] Loss: 0.00003213, LR: 0.00050000
2026-06-13 13:13:54,726 | INFO | [Epoch 104/200] Loss: 0.00003092, LR: 0.00050000
2026-06-13 13:13:55,083 | INFO | [Epoch 105/200] Loss: 0.00003034, LR: 0.00050000
2026-06-13 13:13:55,426 | INFO | [Epoch 106/200] Loss: 0.00003038, LR: 0.00050000
2026-06-13 13:13:55,753 | INFO | [Epoch 107/200] Loss: 0.00002924, LR: 0.00050000
2026-06-13 13:13:56,090 | INFO | [Epoch 108/200] Loss: 0.00002990, LR: 0.00050000
2026-06-13 13:13:56,417 | INFO | [Epoch 109/200] Loss: 0.00002787, LR: 0.00050000
2026-06-13 13:13:56,752 | INFO | [Epoch 110/200] Loss: 0.00002784, LR: 0.00050000
2026-06-13 13:13:57,087 | INFO | [Epoch 111/200] Loss: 0.00002765, LR: 0.00050000
2026-06-13 13:13:57,414 | INFO | [Epoch 112/200] Loss: 0.00002614, LR: 0.00050000
2026-06-13 13:13:57,748 | INFO | [Epoch 113/200] Loss: 0.00002643, LR: 0.00050000
2026-06-13 13:13:58,083 | INFO | [Epoch 114/200] Loss: 0.00002510, LR: 0.00050000
2026-06-13 13:13:58,408 | INFO | [Epoch 115/200] Loss: 0.00002483, LR: 0.00050000
2026-06-13 13:13:58,757 | INFO | [Epoch 116/200] Loss: 0.00002444, LR: 0.00050000
2026-06-13 13:13:59,142 | INFO | [Epoch 117/200] Loss: 0.00002404, LR: 0.00050000
2026-06-13 13:13:59,481 | INFO | [Epoch 118/200] Loss: 0.00002380, LR: 0.00050000
2026-06-13 13:13:59,818 | INFO | [Epoch 119/200] Loss: 0.00002282, LR: 0.00050000
2026-06-13 13:14:00,158 | INFO | [Epoch 120/200] Loss: 0.00002264, LR: 0.00050000
2026-06-13 13:14:00,502 | INFO | [Epoch 121/200] Loss: 0.00002204, LR: 0.00050000
2026-06-13 13:14:00,833 | INFO | [Epoch 122/200] Loss: 0.00002173, LR: 0.00050000
2026-06-13 13:14:01,170 | INFO | [Epoch 123/200] Loss: 0.00002117, LR: 0.00050000
2026-06-13 13:14:01,500 | INFO | [Epoch 124/200] Loss: 0.00002118, LR: 0.00050000
2026-06-13 13:14:01,840 | INFO | [Epoch 125/200] Loss: 0.00002041, LR: 0.00050000
2026-06-13 13:14:02,173 | INFO | [Epoch 126/200] Loss: 0.00002063, LR: 0.00050000
2026-06-13 13:14:02,509 | INFO | [Epoch 127/200] Loss: 0.00002028, LR: 0.00050000
2026-06-13 13:14:02,856 | INFO | [Epoch 128/200] Loss: 0.00001963, LR: 0.00050000
2026-06-13 13:14:03,288 | INFO | [Epoch 129/200] Loss: 0.00001907, LR: 0.00050000
2026-06-13 13:14:03,675 | INFO | [Epoch 130/200] Loss: 0.00001894, LR: 0.00050000
2026-06-13 13:14:04,009 | INFO | [Epoch 131/200] Loss: 0.00001840, LR: 0.00050000
2026-06-13 13:14:04,340 | INFO | [Epoch 132/200] Loss: 0.00001827, LR: 0.00050000
2026-06-13 13:14:04,673 | INFO | [Epoch 133/200] Loss: 0.00001835, LR: 0.00050000
2026-06-13 13:14:05,013 | INFO | [Epoch 134/200] Loss: 0.00001740, LR: 0.00050000
2026-06-13 13:14:05,350 | INFO | [Epoch 135/200] Loss: 0.00001741, LR: 0.00050000
2026-06-13 13:14:05,697 | INFO | [Epoch 136/200] Loss: 0.00001721, LR: 0.00050000
2026-06-13 13:14:06,036 | INFO | [Epoch 137/200] Loss: 0.00001687, LR: 0.00050000
2026-06-13 13:14:06,375 | INFO | [Epoch 138/200] Loss: 0.00001638, LR: 0.00050000
2026-06-13 13:14:06,715 | INFO | [Epoch 139/200] Loss: 0.00001614, LR: 0.00050000
2026-06-13 13:14:07,066 | INFO | [Epoch 140/200] Loss: 0.00001632, LR: 0.00050000
2026-06-13 13:14:07,396 | INFO | [Epoch 141/200] Loss: 0.00001582, LR: 0.00050000
2026-06-13 13:14:07,719 | INFO | [Epoch 142/200] Loss: 0.00001529, LR: 0.00050000
2026-06-13 13:14:08,056 | INFO | [Epoch 143/200] Loss: 0.00001546, LR: 0.00050000
2026-06-13 13:14:08,390 | INFO | [Epoch 144/200] Loss: 0.00001504, LR: 0.00050000
2026-06-13 13:14:08,729 | INFO | [Epoch 145/200] Loss: 0.00001450, LR: 0.00050000
2026-06-13 13:14:09,057 | INFO | [Epoch 146/200] Loss: 0.00001430, LR: 0.00050000
2026-06-13 13:14:09,393 | INFO | [Epoch 147/200] Loss: 0.00001410, LR: 0.00050000
2026-06-13 13:14:09,730 | INFO | [Epoch 148/200] Loss: 0.00001388, LR: 0.00050000
2026-06-13 13:14:10,064 | INFO | [Epoch 149/200] Loss: 0.00001373, LR: 0.00050000
2026-06-13 13:14:10,395 | INFO | [Epoch 150/200] Loss: 0.00001347, LR: 0.00050000
2026-06-13 13:14:10,714 | INFO | [Epoch 151/200] Loss: 0.00001345, LR: 0.00050000
2026-06-13 13:14:11,044 | INFO | [Epoch 152/200] Loss: 0.00001324, LR: 0.00050000
2026-06-13 13:14:11,377 | INFO | [Epoch 153/200] Loss: 0.00001292, LR: 0.00050000
2026-06-13 13:14:11,702 | INFO | [Epoch 154/200] Loss: 0.00001301, LR: 0.00050000
2026-06-13 13:14:12,046 | INFO | [Epoch 155/200] Loss: 0.00001247, LR: 0.00050000
2026-06-13 13:14:12,385 | INFO | [Epoch 156/200] Loss: 0.00001227, LR: 0.00050000
2026-06-13 13:14:12,714 | INFO | [Epoch 157/200] Loss: 0.00001209, LR: 0.00050000
2026-06-13 13:14:13,082 | INFO | [Epoch 158/200] Loss: 0.00001209, LR: 0.00050000
2026-06-13 13:14:13,675 | INFO | [Epoch 159/200] Loss: 0.00001172, LR: 0.00050000
2026-06-13 13:14:14,291 | INFO | [Epoch 160/200] Loss: 0.00001167, LR: 0.00050000
2026-06-13 13:14:14,853 | INFO | [Epoch 161/200] Loss: 0.00001138, LR: 0.00050000
2026-06-13 13:14:15,483 | INFO | [Epoch 162/200] Loss: 0.00001177, LR: 0.00050000
2026-06-13 13:14:16,088 | INFO | [Epoch 163/200] Loss: 0.00001104, LR: 0.00050000
2026-06-13 13:14:16,424 | INFO | [Epoch 164/200] Loss: 0.00001107, LR: 0.00050000
2026-06-13 13:14:16,776 | INFO | [Epoch 165/200] Loss: 0.00001073, LR: 0.00050000
2026-06-13 13:14:17,114 | INFO | [Epoch 166/200] Loss: 0.00001062, LR: 0.00050000
2026-06-13 13:14:17,440 | INFO | [Epoch 167/200] Loss: 0.00001055, LR: 0.00050000
2026-06-13 13:14:17,846 | INFO | [Epoch 168/200] Loss: 0.00001029, LR: 0.00050000
2026-06-13 13:14:18,197 | INFO | [Epoch 169/200] Loss: 0.00001012, LR: 0.00050000
2026-06-13 13:14:18,535 | INFO | [Epoch 170/200] Loss: 0.00001003, LR: 0.00050000
2026-06-13 13:14:18,893 | INFO | [Epoch 171/200] Loss: 0.00000999, LR: 0.00050000
2026-06-13 13:14:19,218 | INFO | [Epoch 172/200] Loss: 0.00000972, LR: 0.00050000
2026-06-13 13:14:19,549 | INFO | [Epoch 173/200] Loss: 0.00000992, LR: 0.00050000
2026-06-13 13:14:19,894 | INFO | [Epoch 174/200] Loss: 0.00000960, LR: 0.00050000
2026-06-13 13:14:20,219 | INFO | [Epoch 175/200] Loss: 0.00000931, LR: 0.00050000
2026-06-13 13:14:20,576 | INFO | [Epoch 176/200] Loss: 0.00000921, LR: 0.00050000
2026-06-13 13:14:20,912 | INFO | [Epoch 177/200] Loss: 0.00000922, LR: 0.00050000
2026-06-13 13:14:21,273 | INFO | [Epoch 178/200] Loss: 0.00000898, LR: 0.00050000
2026-06-13 13:14:21,595 | INFO | [Epoch 179/200] Loss: 0.00000889, LR: 0.00050000
2026-06-13 13:14:21,939 | INFO | [Epoch 180/200] Loss: 0.00000880, LR: 0.00050000
2026-06-13 13:14:22,279 | INFO | [Epoch 181/200] Loss: 0.00000875, LR: 0.00050000
2026-06-13 13:14:22,609 | INFO | [Epoch 182/200] Loss: 0.00000864, LR: 0.00050000
2026-06-13 13:14:22,941 | INFO | [Epoch 183/200] Loss: 0.00000851, LR: 0.00050000
2026-06-13 13:14:23,270 | INFO | [Epoch 184/200] Loss: 0.00000827, LR: 0.00050000
2026-06-13 13:14:23,593 | INFO | [Epoch 185/200] Loss: 0.00000824, LR: 0.00050000
2026-06-13 13:14:23,925 | INFO | [Epoch 186/200] Loss: 0.00000825, LR: 0.00050000
2026-06-13 13:14:24,264 | INFO | [Epoch 187/200] Loss: 0.00000797, LR: 0.00050000
2026-06-13 13:14:24,599 | INFO | [Epoch 188/200] Loss: 0.00000788, LR: 0.00050000
2026-06-13 13:14:24,920 | INFO | [Epoch 189/200] Loss: 0.00000800, LR: 0.00050000
2026-06-13 13:14:25,247 | INFO | [Epoch 190/200] Loss: 0.00000798, LR: 0.00050000
2026-06-13 13:14:25,579 | INFO | [Epoch 191/200] Loss: 0.00000753, LR: 0.00050000
2026-06-13 13:14:25,909 | INFO | [Epoch 192/200] Loss: 0.00000747, LR: 0.00050000
2026-06-13 13:14:26,248 | INFO | [Epoch 193/200] Loss: 0.00000747, LR: 0.00050000
2026-06-13 13:14:26,593 | INFO | [Epoch 194/200] Loss: 0.00000725, LR: 0.00050000
2026-06-13 13:14:26,933 | INFO | [Epoch 195/200] Loss: 0.00000721, LR: 0.00050000
2026-06-13 13:14:27,255 | INFO | [Epoch 196/200] Loss: 0.00000707, LR: 0.00050000
2026-06-13 13:14:27,595 | INFO | [Epoch 197/200] Loss: 0.00000700, LR: 0.00050000
2026-06-13 13:14:27,922 | INFO | [Epoch 198/200] Loss: 0.00000707, LR: 0.00050000
2026-06-13 13:14:28,259 | INFO | [Epoch 199/200] Loss: 0.00000683, LR: 0.00050000
2026-06-13 13:14:28,590 | INFO | [Epoch 200/200] Loss: 0.00000673, LR: 0.00050000
2026-06-13 13:14:28,592 | INFO | Completed training and saved classifier checkpoint: /Volumes/Data/Research/LISTEN/9001-GitHub/Models/MobileViT-XXS-classifier.pth
2026-06-13 13:14:28,593 | INFO | Finished training for MobileViT-XXS
2026-06-13 13:14:28,593 | INFO | =====================================
